<?xml version="1.0" encoding="UTF-8" ?>
<testsuite errors="0" failures="0" hostname="oboff-Panther" name="sample.UtilsJUnit3Test" skipped="0" tests="3" time="1.076" timestamp="2016-03-27T05:23:03">
  <properties>
    <property name="netbeans.autoupdate.country" value="AU" />
    <property name="javac.test.classpath" value=":build/classes:/home/oboff/netbeans-8.1/platform/modules/ext/junit-4.12.jar:${libs.junit.classpath}:/home/oboff/netbeans-8.1/platform/modules/ext/hamcrest-core-1.3.jar" />
    <property name="ant.core.lib" value="/home/oboff/netbeans-8.1/extide/ant/lib/ant.jar" />
    <property name="javadoc.windowtitle" value="" />
    <property name="user.dir" value="/home/oboff/NetBeansProjects/JUnitSampleSol" />
    <property name="java.vm.version" value="25.77-b03" />
    <property name="libs.MySQLDriver.classpath" value="/home/oboff/netbeans-8.1/ide/modules/ext/mysql-connector-java-5.1.23-bin.jar" />
    <property name="libs.eclipselinkmodelgen.src" value="" />
    <property name="javadoc.notree" value="false" />
    <property name="netbeans.autoupdate.version" value="1.23" />
    <property name="javac.profile.cmd.line.arg" value="" />
    <property name="jdk.home" value="/usr/lib/jvm/java-8-oracle" />
    <property name="libs.javac-api.src" value="" />
    <property name="javadoc.noindex" value="false" />
    <property name="libs.jpa2-persistence.classpath" value="/home/oboff/netbeans-8.1/java/modules/ext/hibernate4/hibernate-jpa-2.1-api-1.0.0.Final.jar" />
    <property name="sun.os.patch.level" value="unknown" />
    <property name="java.vm.specification.name" value="Java Virtual Machine Specification" />
    <property name="nb.show.statistics.ui" value="usageStatisticsEnabled" />
    <property name="netbeans.autoupdate.variant" value="" />
    <property name="have.tests" value="true" />
    <property name="org.xml.sax.driver" value="com.sun.org.apache.xerces.internal.jaxp.SAXParserImpl$JAXPSAXParser" />
    <property name="libs.hamcrest.classpath" value="/home/oboff/netbeans-8.1/platform/modules/ext/hamcrest-core-1.3.jar" />
    <property name="libs.javac-api.javadoc" value="" />
    <property name="os.name" value="Linux" />
    <property name="libs.beans-binding.classpath" value="/home/oboff/netbeans-8.1/java/modules/ext/beansbinding-1.2.1.jar" />
    <property name="libs.JWSAntTasks.maven-pom" value="" />
    <property name="libs.testng.src" value="" />
    <property name="java.vendor.url.bug" value="http://bugreport.sun.com/bugreport/" />
    <property name="libs.jaxb.maven-pom" value="" />
    <property name="os.arch" value="amd64" />
    <property name="libs.eclipselink.src" value="" />
    <property name="user.name" value="oboff" />
    <property name="copylibs.rebase" value="true" />
    <property name="ant.file.JUnitSampleSol" value="/home/oboff/NetBeansProjects/JUnitSampleSol/build.xml" />
    <property name="libs.swing-layout.maven-pom" value="" />
    <property name="sun.java.command" value="org.apache.tools.ant.taskdefs.optional.junit.JUnitTestRunner sample.UtilsJUnit3Test skipNonTests=false filtertrace=true haltOnError=false haltOnFailure=false showoutput=true outputtoformatters=true logfailedtests=true threadid=0 logtestlistenerevents=true formatter=org.apache.tools.ant.taskdefs.optional.junit.BriefJUnitResultFormatter formatter=org.apache.tools.ant.taskdefs.optional.junit.XMLJUnitResultFormatter,/home/oboff/NetBeansProjects/JUnitSampleSol/build/test/results/TEST-sample.UtilsJUnit3Test.xml crashfile=/home/oboff/NetBeansProjects/JUnitSampleSol/build/junitvmwatcher4194629466074647373.properties propsfile=/home/oboff/NetBeansProjects/JUnitSampleSol/build/junit4431351783422551590.properties" />
    <property name="build.classes.dir" value="build/classes" />
    <property name="netbeans.accept_license_class" value="org.netbeans.license.AcceptLicense" />
    <property name="build.sysclasspath" value="ignore" />
    <property name="java.failonerror" value="true" />
    <property name="libs.jaxws21.javadoc" value="/home/oboff/netbeans-8.1/java/docs/jaxws-api-doc.zip" />
    <property name="includes" value="**" />
    <property name="user.country" value="AU" />
    <property name="javadoc.encoding" value="UTF-8" />
    <property name="javac.classpath" value="" />
    <property name="libs.spring-framework400.classpath" value="/home/oboff/netbeans-8.1/ide/modules/org-apache-commons-logging.jar:/home/oboff/netbeans-8.1/java/modules/ext/cglib-2.2.jar:/home/oboff/netbeans-8.1/java/modules/ext/spring-4/spring-aop-4.0.1.RELEASE.jar:/home/oboff/netbeans-8.1/java/modules/ext/spring-4/spring-aspects-4.0.1.RELEASE.jar:/home/oboff/netbeans-8.1/java/modules/ext/spring-4/spring-beans-4.0.1.RELEASE.jar:/home/oboff/netbeans-8.1/java/modules/ext/spring-4/spring-build-src-4.0.1.RELEASE.jar:/home/oboff/netbeans-8.1/java/modules/ext/spring-4/spring-context-4.0.1.RELEASE.jar:/home/oboff/netbeans-8.1/java/modules/ext/spring-4/spring-context-support-4.0.1.RELEASE.jar:/home/oboff/netbeans-8.1/java/modules/ext/spring-4/spring-core-4.0.1.RELEASE.jar:/home/oboff/netbeans-8.1/java/modules/ext/spring-4/spring-expression-4.0.1.RELEASE.jar:/home/oboff/netbeans-8.1/java/modules/ext/spring-4/spring-framework-bom-4.0.1.RELEASE.jar:/home/oboff/netbeans-8.1/java/modules/ext/spring-4/spring-instrument-4.0.1.RELEASE.jar:/home/oboff/netbeans-8.1/java/modules/ext/spring-4/spring-instrument-tomcat-4.0.1.RELEASE.jar:/home/oboff/netbeans-8.1/java/modules/ext/spring-4/spring-jdbc-4.0.1.RELEASE.jar:/home/oboff/netbeans-8.1/java/modules/ext/spring-4/spring-jms-4.0.1.RELEASE.jar:/home/oboff/netbeans-8.1/java/modules/ext/spring-4/spring-messaging-4.0.1.RELEASE.jar:/home/oboff/netbeans-8.1/java/modules/ext/spring-4/spring-orm-4.0.1.RELEASE.jar:/home/oboff/netbeans-8.1/java/modules/ext/spring-4/spring-oxm-4.0.1.RELEASE.jar:/home/oboff/netbeans-8.1/java/modules/ext/spring-4/spring-test-4.0.1.RELEASE.jar:/home/oboff/netbeans-8.1/java/modules/ext/spring-4/spring-tx-4.0.1.RELEASE.jar:/home/oboff/netbeans-8.1/java/modules/ext/spring-4/spring-web-4.0.1.RELEASE.jar:/home/oboff/netbeans-8.1/java/modules/ext/spring-4/spring-webmvc-4.0.1.RELEASE.jar:/home/oboff/netbeans-8.1/java/modules/ext/spring-4/spring-webmvc-portlet-4.0.1.RELEASE.jar:/home/oboff/netbeans-8.1/java/modules/ext/spring-4/spring-websocket-4.0.1.RELEASE.jar" />
    <property name="debug-transport" value="dt_socket" />
    <property name="netbeans.home" value="/home/oboff/netbeans-8.1/platform" />
    <property name="build.compiler.emacs" value="true" />
    <property name="java.endorsed.dirs" value="/usr/lib/jvm/java-8-oracle/jre/lib/endorsed" />
    <property name="awt.useSystemAAFontSettings" value="gasp" />
    <property name="netbeans.dynamic.classpath" value="/home/oboff/netbeans-8.1/platform/core/org-openide-filesystems.jar:/home/oboff/netbeans-8.1/platform/core/org-openide-filesystems-compat8.jar:/home/oboff/netbeans-8.1/platform/core/asm-all-5.0.1.jar:/home/oboff/netbeans-8.1/platform/core/core.jar:/home/oboff/netbeans-8.1/platform/core/core-base.jar:/home/oboff/netbeans-8.1/platform/core/org-netbeans-libs-asm.jar:/home/oboff/netbeans-8.1/platform/core/locale/core-base_ru.jar:/home/oboff/netbeans-8.1/platform/core/locale/org-openide-filesystems_ja.jar:/home/oboff/netbeans-8.1/platform/core/locale/org-netbeans-libs-asm_zh_CN.jar:/home/oboff/netbeans-8.1/platform/core/locale/core_zh_CN.jar:/home/oboff/netbeans-8.1/platform/core/locale/org-openide-filesystems-compat8_zh_CN.jar:/home/oboff/netbeans-8.1/platform/core/locale/org-netbeans-libs-asm_ru.jar:/home/oboff/netbeans-8.1/platform/core/locale/core_ja.jar:/home/oboff/netbeans-8.1/platform/core/locale/core_ru.jar:/home/oboff/netbeans-8.1/platform/core/locale/core-base_ja.jar:/home/oboff/netbeans-8.1/platform/core/locale/core-base_pt_BR.jar:/home/oboff/netbeans-8.1/platform/core/locale/org-netbeans-libs-asm_ja.jar:/home/oboff/netbeans-8.1/platform/core/locale/org-openide-filesystems-compat8_pt_BR.jar:/home/oboff/netbeans-8.1/platform/core/locale/core-base_zh_CN.jar:/home/oboff/netbeans-8.1/platform/core/locale/org-openide-filesystems_pt_BR.jar:/home/oboff/netbeans-8.1/platform/core/locale/org-openide-filesystems_zh_CN.jar:/home/oboff/netbeans-8.1/platform/core/locale/core_pt_BR.jar:/home/oboff/netbeans-8.1/platform/core/locale/org-openide-filesystems-compat8_ja.jar:/home/oboff/netbeans-8.1/platform/core/locale/org-openide-filesystems_ru.jar:/home/oboff/netbeans-8.1/platform/core/locale/org-netbeans-libs-asm_pt_BR.jar:/home/oboff/netbeans-8.1/platform/core/locale/org-openide-filesystems-compat8_ru.jar:/home/oboff/netbeans-8.1/nb/core/org-netbeans-upgrader.jar:/home/oboff/netbeans-8.1/nb/core/locale/core_nb_pt_BR.jar:/home/oboff/netbeans-8.1/nb/core/locale/core_nb.jar:/home/oboff/netbeans-8.1/nb/core/locale/org-netbeans-upgrader_ja.jar:/home/oboff/netbeans-8.1/nb/core/locale/core_nb_ja.jar:/home/oboff/netbeans-8.1/nb/core/locale/org-netbeans-upgrader_ru.jar:/home/oboff/netbeans-8.1/nb/core/locale/org-netbeans-upgrader_pt_BR.jar:/home/oboff/netbeans-8.1/nb/core/locale/core_nb_zh_CN.jar:/home/oboff/netbeans-8.1/nb/core/locale/org-netbeans-upgrader_zh_CN.jar:/home/oboff/netbeans-8.1/nb/core/locale/core_nb_ru.jar" />
    <property name="java.vm.specification.version" value="1.8" />
    <property name="libs.hibernate4-support.src" value="" />
    <property name="ant.file.JUnitSampleSol-impl" value="/home/oboff/NetBeansProjects/JUnitSampleSol/nbproject/build-impl.xml" />
    <property name="netbeans.productversion" value="NetBeans IDE 8.1 (Build 201510222201)" />
    <property name="libs.jaxws21.src" value="" />
    <property name="do.archive" value="true" />
    <property name="netbeans.autoupdate.language" value="en" />
    <property name="java.vendor" value="Oracle Corporation" />
    <property name="sun.font.fontmanager" value="sun.awt.X11FontManager" />
    <property name="jar.index.metainf" value="false" />
    <property name="javac.debug" value="true" />
    <property name="javadoc.splitindex" value="true" />
    <property name="file.separator" value="/" />
    <property name="libs.junit_4.maven-pom" value="" />
    <property name="javac.test.processorpath" value=":build/classes:/home/oboff/netbeans-8.1/platform/modules/ext/junit-4.12.jar:${libs.junit.classpath}:/home/oboff/netbeans-8.1/platform/modules/ext/hamcrest-core-1.3.jar" />
    <property name="netbeans.buildnumber" value="201510222201" />
    <property name="libs.JWSAntTasks.javadoc" value="" />
    <property name="build.generated.sources.dir" value="build/generated-sources" />
    <property name="libs.eclipselinkmodelgen.classpath" value="/home/oboff/netbeans-8.1/java/modules/ext/eclipselink/org.eclipse.persistence.jpa.modelgen_2.5.2.v20140319-9ad6abd.jar" />
    <property name="sun.java.launcher" value="SUN_STANDARD" />
    <property name="libs.hibernate4-persistencemodelgen.javadoc" value="" />
    <property name="libs.jaxb.javadoc" value="/home/oboff/netbeans-8.1/ide/docs/jaxb-api-doc.zip" />
    <property name="org.openide.awt.SwingBrowserImpl.do-not-block-awt" value="false" />
    <property name="ant.home" value="/home/oboff/netbeans-8.1/extide/ant" />
    <property name="libs.junit_4.src" value="/home/oboff/netbeans-8.1/platform/docs/junit-4.12-sources.jar" />
    <property name="libs.testng.classpath" value="/home/oboff/netbeans-8.1/platform/modules/ext/testng-6.8.1-dist.jar" />
    <property name="libs.absolutelayout.maven-pom" value="" />
    <property name="ant.java.version" value="1.8" />
    <property name="java.library.path" value="/usr/lib/jvm/java-8-oracle//jre/lib/amd64:/usr/lib/jvm/java-8-oracle//jre/lib/i386::/usr/java/packages/lib/amd64:/usr/lib64:/lib64:/lib:/usr/lib" />
    <property name="javadoc.author" value="false" />
    <property name="java.util.logging.config.class" value="org.netbeans.core.startup.TopLogging" />
    <property name="libs.spring-framework400.src" value="" />
    <property name="libs.PostgreSQLDriver.src" value="" />
    <property name="sun.arch.data.model" value="64" />
    <property name="basedir" value="/home/oboff/NetBeansProjects/JUnitSampleSol" />
    <property name="libs.jpa20-persistence.maven-pom" value="" />
    <property name="jar.compress" value="false" />
    <property name="path.separator" value=":" />
    <property name="ant.junit.enabletestlistenerevents" value="true" />
    <property name="sun.io.unicode.encoding" value="UnicodeLittle" />
    <property name="libs.jaxws21.classpath" value="/home/oboff/netbeans-8.1/ide/modules/ext/jaxb/jaxb-impl.jar:/home/oboff/netbeans-8.1/ide/modules/ext/jaxb/jaxb-xjc.jar:/home/oboff/netbeans-8.1/java/modules/ext/jaxws22/FastInfoset.jar:/home/oboff/netbeans-8.1/java/modules/ext/jaxws22/gmbal-api-only.jar:/home/oboff/netbeans-8.1/java/modules/ext/jaxws22/ha-api.jar:/home/oboff/netbeans-8.1/java/modules/ext/jaxws22/javax.mail_1.4.jar:/home/oboff/netbeans-8.1/java/modules/ext/jaxws22/jaxws-rt.jar:/home/oboff/netbeans-8.1/java/modules/ext/jaxws22/jaxws-tools.jar:/home/oboff/netbeans-8.1/java/modules/ext/jaxws22/management-api.jar:/home/oboff/netbeans-8.1/java/modules/ext/jaxws22/mimepull.jar:/home/oboff/netbeans-8.1/java/modules/ext/jaxws22/policy.jar:/home/oboff/netbeans-8.1/java/modules/ext/jaxws22/saaj-impl.jar:/home/oboff/netbeans-8.1/java/modules/ext/jaxws22/stax-ex.jar:/home/oboff/netbeans-8.1/java/modules/ext/jaxws22/stax2-api.jar:/home/oboff/netbeans-8.1/java/modules/ext/jaxws22/streambuffer.jar:/home/oboff/netbeans-8.1/java/modules/ext/jaxws22/woodstox-core-asl.jar:/home/oboff/netbeans-8.1/java/modules/ext/jaxws22/api/jaxws-api.jar:/home/oboff/netbeans-8.1/java/modules/ext/jaxws22/api/jsr181-api.jar:/home/oboff/netbeans-8.1/java/modules/ext/jaxws22/api/javax.annotation.jar:/home/oboff/netbeans-8.1/java/modules/ext/jaxws22/api/saaj-api.jar:/home/oboff/netbeans-8.1/ide/modules/ext/jaxb/activation.jar:/home/oboff/netbeans-8.1/ide/modules/ext/jaxb/api/jaxb-api.jar:/home/oboff/netbeans-8.1/ide/modules/ext/jaxb/api/jsr173_1.0_api.jar" />
    <property name="apple.awt.graphics.UseQuartz" value="true" />
    <property name="user.language" value="en" />
    <property name="testng.mode" value="testng" />
    <property name="libs.JAXB-ENDORSED.maven-pom" value="" />
    <property name="libs.eclipselink.maven-pom" value="" />
    <property name="test.binaryincludes" value="&lt;nothing&gt;" />
    <property name="libs.spring-framework300.maven-pom" value="" />
    <property name="run.test.classpath" value=":build/classes:/home/oboff/netbeans-8.1/platform/modules/ext/junit-4.12.jar:${libs.junit.classpath}:/home/oboff/netbeans-8.1/platform/modules/ext/hamcrest-core-1.3.jar:build/test/classes" />
    <property name="ant.project.invoked-targets" value="test" />
    <property name="test.binaryexcludes" value="" />
    <property name="libs.swing-layout.javadoc" value="/home/oboff/netbeans-8.1/platform/docs/swing-layout-1.0.4-doc.zip" />
    <property name="sun.java2d.dpiaware" value="true" />
    <property name="libs.hibernate4-persistence.maven-pom" value="" />
    <property name="https.nonProxyHosts" value="localhost|127.0.0.1|oboff-Panther" />
    <property name="libs.PostgreSQLDriver.maven-pom" value="" />
    <property name="java.class.version" value="52.0" />
    <property name="libs.hibernate4-persistencemodelgen.maven-pom" value="" />
    <property name="libs.eclipselink.javadoc" value="/home/oboff/netbeans-8.1/java/modules/ext/docs/javax.persistence-2.1.0-doc.zip" />
    <property name="user.properties.file" value="/home/oboff/.netbeans/8.1/build.properties" />
    <property name="runtime.encoding" value="UTF-8" />
    <property name="libs.javac-api.maven-pom" value="" />
    <property name="file.encoding.pkg" value="sun.io" />
    <property name="sun.cpu.endian" value="little" />
    <property name="libs.JAXB-ENDORSED.javadoc" value="" />
    <property name="libs.JWSAntTasks.classpath" value="/home/oboff/netbeans-8.1/java/ant/extra/org-netbeans-modules-javawebstart-anttasks.jar" />
    <property name="libs.spring-framework300.src" value="" />
    <property name="empty.dir" value="/home/oboff/NetBeansProjects/JUnitSampleSol/build/empty" />
    <property name="version-output" value="java version &quot;1.8" />
    <property name="test.binarytestincludes" value="" />
    <property name="libs.hibernate4-persistencemodelgen.src" value="" />
    <property name="javadoc.preview" value="true" />
    <property name="libs.jpa20-persistence.javadoc" value="/home/oboff/netbeans-8.1/java/modules/ext/docs/javax.persistence-2.1.0-doc.zip" />
    <property name="java.home" value="/usr/lib/jvm/java-8-oracle/jre" />
    <property name="debug.test.classpath" value=":build/classes:/home/oboff/netbeans-8.1/platform/modules/ext/junit-4.12.jar:${libs.junit.classpath}:/home/oboff/netbeans-8.1/platform/modules/ext/hamcrest-core-1.3.jar:build/test/classes" />
    <property name="netbeans.importclass" value="org.netbeans.upgrade.AutoUpgrade" />
    <property name="ant.project.default-target" value="default" />
    <property name="annotation.processing.run.all.processors" value="true" />
    <property name="libs.PostgreSQLDriver.javadoc" value="" />
    <property name="libs.MySQLDriver.maven-pom" value="" />
    <property name="libs.hibernate4-persistence.javadoc" value="/home/oboff/netbeans-8.1/java/modules/ext/docs/javax.persistence-2.1.0-doc.zip" />
    <property name="http.nonProxyHosts" value="localhost|127.0.0.1|oboff-Panther" />
    <property name="libs.junit_4.javadoc" value="/home/oboff/netbeans-8.1/platform/docs/junit-4.12-javadoc.jar" />
    <property name="run.classpath" value=":build/classes" />
    <property name="jna.boot.library.name" value="jnidispatch-410" />
    <property name="sun.awt.datatransfer.timeout" value="1000" />
    <property name="libs.jpa2-persistence.maven-pom" value="" />
    <property name="libs.hibernate4-support.classpath" value="/home/oboff/netbeans-8.1/java/modules/ext/hibernate4/antlr-2.7.7.jar:/home/oboff/netbeans-8.1/java/modules/ext/hibernate4/c3p0-0.9.2.1.jar:/home/oboff/netbeans-8.1/java/modules/ext/hibernate4/hibernate-c3p0-4.3.1.Final.jar:/home/oboff/netbeans-8.1/java/modules/ext/hibernate4/mchange-commons-java-0.2.3.4.jar:/home/oboff/netbeans-8.1/java/modules/ext/hibernate4/dom4j-1.6.1.jar:/home/oboff/netbeans-8.1/java/modules/ext/hibernate4/ehcache-core-2.4.3.jar:/home/oboff/netbeans-8.1/java/modules/ext/hibernate4/hibernate-ehcache-4.3.1.Final.jar:/home/oboff/netbeans-8.1/java/modules/ext/hibernate4/hibernate-core-4.3.1.Final.jar:/home/oboff/netbeans-8.1/java/modules/ext/hibernate4/jboss-logging-3.1.3.GA.jar:/home/oboff/netbeans-8.1/java/modules/ext/hibernate4/hibernate-commons-annotations-4.0.4.Final.jar:/home/oboff/netbeans-8.1/java/modules/ext/hibernate4/hibernate-entitymanager-4.3.1.Final.jar:/home/oboff/netbeans-8.1/java/modules/ext/hibernate4/javassist-3.18.1-GA.jar:/home/oboff/netbeans-8.1/java/modules/ext/hibernate4/jboss-transaction-api_1.2_spec-1.0.0.Final.jar:/home/oboff/netbeans-8.1/java/modules/ext/hibernate4/slf4j-api-1.6.1.jar:/home/oboff/netbeans-8.1/java/modules/ext/hibernate4/slf4j-simple-1.6.1.jar" />
    <property name="nb.native.filechooser" value="false" />
    <property name="sun.management.compiler" value="HotSpot 64-Bit Tiered Compilers" />
    <property name="javac.deprecation" value="false" />
    <property name="javadoc.use" value="true" />
    <property name="sun.java2d.noddraw" value="true" />
    <property name="javac.processorpath" value="" />
    <property name="libs.hamcrest.maven-pom" value="" />
    <property name="javac.compilerargs" value="" />
    <property name="svnkit.http.methods" value="Basic" />
    <property name="ant.file" value="/home/oboff/NetBeansProjects/JUnitSampleSol/build.xml" />
    <property name="libs.beans-binding.maven-pom" value="" />
    <property name="libs.hibernate4-support.javadoc" value="/home/oboff/netbeans-8.1/java/modules/ext/docs/javax.persistence-2.1.0-doc.zip" />
    <property name="libs.beans-binding.src" value="" />
    <property name="ant.file.type.JUnitSampleSol" value="file" />
    <property name="java.vm.specification.vendor" value="Oracle Corporation" />
    <property name="libs.swing-layout.src" value="/home/oboff/netbeans-8.1/platform/docs/swing-layout-1.0.4-src.zip" />
    <property name="org.openide.major.version" value="IDE/1" />
    <property name="java.vm.name" value="Java HotSpot(TM) 64-Bit Server VM" />
    <property name="netbeans.user" value="/home/oboff/.netbeans/8.1" />
    <property name="javadoc.additionalparam" value="" />
    <property name="java.io.tmpdir" value="/tmp" />
    <property name="java.vendor.url" value="http://java.oracle.com/" />
    <property name="endorsed.classpath.cmd.line.arg" value="" />
    <property name="junit.available" value="true" />
    <property name="org.openide.awt.ActionReference.completion" value="org.netbeans.modules.apisupport.project.layers.PathCompletions" />
    <property name="sun.boot.library.path" value="/usr/lib/jvm/java-8-oracle/jre/lib/amd64" />
    <property name="have.sources" value="true" />
    <property name="libs.hamcrest.javadoc" value="" />
    <property name="debug.classpath" value=":build/classes" />
    <property name="javadoc.private" value="false" />
    <property name="test.src.dir" value="test" />
    <property name="meta.inf.dir" value="src/META-INF" />
    <property name="javadoc.encoding.used" value="UTF-8" />
    <property name="dist.jar" value="dist/JUnitSampleSol.jar" />
    <property name="libs.spring-framework400.maven-pom" value="" />
    <property name="java.runtime.name" value="Java(TM) SE Runtime Environment" />
    <property name="ant.project.name" value="JUnitSampleSol" />
    <property name="netbeans.hash.code" value="unique=NB_EXTIDE_JAVA0449fb882-982c-439d-aeaf-ce3b286b018d_31caf02d-0032-4e2b-969c-7e96e9e8ca78" />
    <property name="netbeans.default_userdir_root" value="/home/oboff/.netbeans" />
    <property name="junit.selected.version" value="4" />
    <property name="sun.cpu.isalist" value="" />
    <property name="libs.spring-framework400.javadoc" value="" />
    <property name="libs.CopyLibs.javadoc" value="" />
    <property name="org.openide.specification.version" value="6.2" />
    <property name="user.home" value="/home/oboff" />
    <property name="annotation.processing.processors.list" value="" />
    <property name="debug-args-line" value="-Xdebug" />
    <property name="libs.JWSAntTasks.src" value="" />
    <property name="jar.index" value="false" />
    <property name="libs.CopyLibs.maven-pom" value="" />
    <property name="libs.spring-framework300.javadoc" value="" />
    <property name="libs.absolutelayout.javadoc" value="" />
    <property name="java.specification.name" value="Java Platform API Specification" />
    <property name="java.specification.vendor" value="Oracle Corporation" />
    <property name="libs.javac-api.classpath" value="/home/oboff/netbeans-8.1/java/modules/ext/nb-javac-api.jar" />
    <property name="ant.file.type.JUnitSampleSol-impl" value="file" />
    <property name="java.version" value="1.8.0_77" />
    <property name="run.jvmargs.ide" value="" />
    <property name="javadoc.version" value="false" />
    <property name="libs.MySQLDriver.javadoc" value="" />
    <property name="org.openide.version" value="deprecated" />
    <property name="platform.java" value="/usr/lib/jvm/java-8-oracle/jre/bin/java" />
    <property name="source.encoding" value="UTF-8" />
    <property name="ap.cmd.line.internal" value="" />
    <property name="libs.eclipselinkmodelgen.maven-pom" value="" />
    <property name="swing.aatext" value="true" />
    <property name="libs.eclipselinkmodelgen.javadoc" value="" />
    <property name="netbeans.home+have.tests" value="true" />
    <property name="annotation.processing.processor.options" value="" />
    <property name="libs.testng.maven-pom" value="" />
    <property name="libs.jaxb.src" value="" />
    <property name="work.dir" value="/home/oboff/NetBeansProjects/JUnitSampleSol" />
    <property name="libs.jaxb.classpath" value="/home/oboff/netbeans-8.1/ide/modules/ext/jaxb/jaxb-impl.jar:/home/oboff/netbeans-8.1/ide/modules/ext/jaxb/jaxb-xjc.jar:/home/oboff/netbeans-8.1/ide/modules/ext/jaxb/jaxb1-impl.jar:/home/oboff/netbeans-8.1/ide/modules/ext/jaxb/activation.jar:/home/oboff/netbeans-8.1/ide/modules/ext/jaxb/api/jaxb-api.jar:/home/oboff/netbeans-8.1/ide/modules/ext/jaxb/api/jsr173_1.0_api.jar" />
    <property name="do.depend" value="false" />
    <property name="scala.class.path" value="" />
    <property name="dist.javadoc.dir" value="dist/javadoc" />
    <property name="libs.swing-layout.classpath" value="/home/oboff/netbeans-8.1/platform/modules/ext/swing-layout-1.0.4.jar" />
    <property name="build.generated.dir" value="build/generated" />
    <property name="javac.source" value="1.5" />
    <property name="line.separator" value="&#xa;" />
    <property name="java.specification.version" value="1.8" />
    <property name="libs.jaxws21.maven-pom" value="" />
    <property name="java.vm.info" value="mixed mode" />
    <property name="nb.junit.batch" value="true" />
    <property name="junit.forkmode" value="perTest" />
    <property name="sun.boot.class.path" value="/usr/lib/jvm/java-8-oracle/jre/lib/resources.jar:/usr/lib/jvm/java-8-oracle/jre/lib/rt.jar:/usr/lib/jvm/java-8-oracle/jre/lib/sunrsasign.jar:/usr/lib/jvm/java-8-oracle/jre/lib/jsse.jar:/usr/lib/jvm/java-8-oracle/jre/lib/jce.jar:/usr/lib/jvm/java-8-oracle/jre/lib/charsets.jar:/usr/lib/jvm/java-8-oracle/jre/lib/jfr.jar:/usr/lib/jvm/java-8-oracle/jre/classes" />
    <property name="javac.target" value="1.5" />
    <property name="built-jar.properties" value="/home/oboff/NetBeansProjects/JUnitSampleSol/build/built-jar.properties" />
    <property name="build.test.classes.dir" value="build/test/classes" />
    <property name="src.dir" value="src" />
    <property name="annotation.processing.enabled" value="true" />
    <property name="libs.jpa2-persistence.src" value="" />
    <property name="libs.jpa20-persistence.src" value="" />
    <property name="ignore.failing.tests" value="true" />
    <property name="dist.dir" value="dist" />
    <property name="testng.debug.mode" value="" />
    <property name="javac.fork" value="false" />
    <property name="java.awt.printerjob" value="sun.print.PSPrinterJob" />
    <property name="default.javac.source" value="1.8" />
    <property name="debug-transport-by-os" value="dt_socket" />
    <property name="libs.MySQLDriver.src" value="" />
    <property name="sun.jnu.encoding" value="UTF-8" />
    <property name="java.runtime.version" value="1.8.0_77-b03" />
    <property name="build.test.results.dir" value="build/test/results" />
    <property name="jna.platform.library.path" value="/usr/lib/x86_64-linux-gnu:/lib/x86_64-linux-gnu:/lib64:/usr/lib:/lib" />
    <property name="default.javac.target" value="1.8" />
    <property name="libs.junit_4.classpath" value="/home/oboff/netbeans-8.1/platform/modules/ext/junit-4.12.jar" />
    <property name="user.timezone" value="" />
    <property name="nb.junit.single" value="false" />
    <property name="netbeans.dirs" value="/home/oboff/netbeans-8.1/nb:/home/oboff/netbeans-8.1/ergonomics:/home/oboff/netbeans-8.1/ide:/home/oboff/netbeans-8.1/extide:/home/oboff/netbeans-8.1/java:/home/oboff/netbeans-8.1/apisupport:/home/oboff/netbeans-8.1/webcommon:/home/oboff/netbeans-8.1/websvccommon:/home/oboff/netbeans-8.1/enterprise:/home/oboff/netbeans-8.1/mobility:/home/oboff/netbeans-8.1/profiler:/home/oboff/netbeans-8.1/python:/home/oboff/netbeans-8.1/php:/home/oboff/netbeans-8.1/identity:/home/oboff/netbeans-8.1/harness:/home/oboff/netbeans-8.1/cnd:/home/oboff/netbeans-8.1/cndext:/home/oboff/netbeans-8.1/dlight:/home/oboff/netbeans-8.1/groovy:/home/oboff/netbeans-8.1/extra:/home/oboff/netbeans-8.1/javacard:/home/oboff/netbeans-8.1/javafx:/home/oboff/netbeans-8.1/nbscala:" />
    <property name="java.ext.dirs" value="/usr/lib/jvm/java-8-oracle/jre/lib/ext:/usr/java/packages/lib/ext" />
    <property name="libs.absolutelayout.classpath" value="/home/oboff/netbeans-8.1/java/modules/ext/AbsoluteLayout.jar" />
    <property name="excludes" value="" />
    <property name="libs.jpa2-persistence.javadoc" value="/home/oboff/netbeans-8.1/java/modules/ext/docs/javax.persistence-2.1.0-doc.zip" />
    <property name="java.class.path" value="/home/oboff/NetBeansProjects/JUnitSampleSol/build/classes:/home/oboff/netbeans-8.1/platform/modules/ext/junit-4.12.jar:/home/oboff/netbeans-8.1/platform/modules/ext/hamcrest-core-1.3.jar:/home/oboff/NetBeansProjects/JUnitSampleSol/build/test/classes:/home/oboff/netbeans-8.1/extide/ant/lib/ant-launcher.jar:/home/oboff/netbeans-8.1/extide/ant/lib/ant.jar:/home/oboff/netbeans-8.1/extide/ant/lib/ant-junit.jar:/home/oboff/netbeans-8.1/extide/ant/lib/ant-junit4.jar" />
    <property name="apple.laf.useScreenMenuBar" value="true" />
    <property name="do.mkdist" value="true" />
    <property name="libs.absolutelayout.src" value="" />
    <property name="libs.jpa20-persistence.classpath" value="/home/oboff/netbeans-8.1/java/modules/ext/eclipselink/javax.persistence_2.1.0.v201304241213.jar" />
    <property name="os.version" value="4.1.14-galliumos" />
    <property name="application.args" value="" />
    <property name="sun.awt.enableExtraMouseButtons" value="true" />
    <property name="libs.hibernate4-persistence.src" value="" />
    <property name="libs.hibernate4-support.maven-pom" value="" />
    <property name="nb.internal.action.name" value="test" />
    <property name="libs.JAXB-ENDORSED.classpath" value="/home/oboff/netbeans-8.1/ide/modules/ext/jaxb/api/jaxb-api.jar" />
    <property name="libs.eclipselink.classpath" value="/home/oboff/netbeans-8.1/java/modules/ext/eclipselink/eclipselink.jar:/home/oboff/netbeans-8.1/java/modules/ext/eclipselink/javax.persistence_2.1.0.v201304241213.jar:/home/oboff/netbeans-8.1/java/modules/ext/eclipselink/org.eclipse.persistence.jpa.jpql_2.5.2.v20140319-9ad6abd.jar" />
    <property name="java.awt.graphicsenv" value="sun.awt.X11GraphicsEnvironment" />
    <property name="libs.beans-binding.javadoc" value="/home/oboff/netbeans-8.1/java/docs/beansbinding-1.2.1-doc.zip" />
    <property name="java.vm.vendor" value="Oracle Corporation" />
    <property name="libs.CopyLibs.classpath" value="/home/oboff/netbeans-8.1/java/ant/extra/org-netbeans-modules-java-j2seproject-copylibstask.jar" />
    <property name="libs.spring-framework300.classpath" value="/home/oboff/netbeans-8.1/ide/modules/org-apache-commons-logging.jar:/home/oboff/netbeans-8.1/java/modules/ext/cglib-2.2.jar:/home/oboff/netbeans-8.1/java/modules/ext/spring-3.0/spring-aop-3.2.7.RELEASE.jar:/home/oboff/netbeans-8.1/java/modules/ext/spring-3.0/spring-aspects-3.2.7.RELEASE.jar:/home/oboff/netbeans-8.1/java/modules/ext/spring-3.0/spring-beans-3.2.7.RELEASE.jar:/home/oboff/netbeans-8.1/java/modules/ext/spring-3.0/spring-build-src-3.2.7.RELEASE.jar:/home/oboff/netbeans-8.1/java/modules/ext/spring-3.0/spring-context-3.2.7.RELEASE.jar:/home/oboff/netbeans-8.1/java/modules/ext/spring-3.0/spring-context-support-3.2.7.RELEASE.jar:/home/oboff/netbeans-8.1/java/modules/ext/spring-3.0/spring-core-3.2.7.RELEASE.jar:/home/oboff/netbeans-8.1/java/modules/ext/spring-3.0/spring-expression-3.2.7.RELEASE.jar:/home/oboff/netbeans-8.1/java/modules/ext/spring-3.0/spring-framework-bom-3.2.7.RELEASE.jar:/home/oboff/netbeans-8.1/java/modules/ext/spring-3.0/spring-instrument-3.2.7.RELEASE.jar:/home/oboff/netbeans-8.1/java/modules/ext/spring-3.0/spring-instrument-tomcat-3.2.7.RELEASE.jar:/home/oboff/netbeans-8.1/java/modules/ext/spring-3.0/spring-jdbc-3.2.7.RELEASE.jar:/home/oboff/netbeans-8.1/java/modules/ext/spring-3.0/spring-jms-3.2.7.RELEASE.jar:/home/oboff/netbeans-8.1/java/modules/ext/spring-3.0/spring-orm-3.2.7.RELEASE.jar:/home/oboff/netbeans-8.1/java/modules/ext/spring-3.0/spring-oxm-3.2.7.RELEASE.jar:/home/oboff/netbeans-8.1/java/modules/ext/spring-3.0/spring-struts-3.2.7.RELEASE.jar:/home/oboff/netbeans-8.1/java/modules/ext/spring-3.0/spring-test-3.2.7.RELEASE.jar:/home/oboff/netbeans-8.1/java/modules/ext/spring-3.0/spring-tx-3.2.7.RELEASE.jar:/home/oboff/netbeans-8.1/java/modules/ext/spring-3.0/spring-web-3.2.7.RELEASE.jar:/home/oboff/netbeans-8.1/java/modules/ext/spring-3.0/spring-webmvc-3.2.7.RELEASE.jar:/home/oboff/netbeans-8.1/java/modules/ext/spring-3.0/spring-webmvc-portlet-3.2.7.RELEASE.jar" />
    <property name="libs.hamcrest.src" value="" />
    <property name="run.jvmargs" value="" />
    <property name="libs.hibernate4-persistence.classpath" value="/home/oboff/netbeans-8.1/java/modules/ext/hibernate4/antlr-2.7.7.jar:/home/oboff/netbeans-8.1/java/modules/ext/hibernate4/c3p0-0.9.2.1.jar:/home/oboff/netbeans-8.1/java/modules/ext/hibernate4/hibernate-c3p0-4.3.1.Final.jar:/home/oboff/netbeans-8.1/java/modules/ext/hibernate4/mchange-commons-java-0.2.3.4.jar:/home/oboff/netbeans-8.1/java/modules/ext/hibernate4/dom4j-1.6.1.jar:/home/oboff/netbeans-8.1/java/modules/ext/hibernate4/ehcache-core-2.4.3.jar:/home/oboff/netbeans-8.1/java/modules/ext/hibernate4/hibernate-ehcache-4.3.1.Final.jar:/home/oboff/netbeans-8.1/java/modules/ext/hibernate4/hibernate-core-4.3.1.Final.jar:/home/oboff/netbeans-8.1/java/modules/ext/hibernate4/jboss-logging-3.1.3.GA.jar:/home/oboff/netbeans-8.1/java/modules/ext/hibernate4/hibernate-commons-annotations-4.0.4.Final.jar:/home/oboff/netbeans-8.1/java/modules/ext/hibernate4/hibernate-entitymanager-4.3.1.Final.jar:/home/oboff/netbeans-8.1/java/modules/ext/hibernate4/javassist-3.18.1-GA.jar:/home/oboff/netbeans-8.1/java/modules/ext/hibernate4/jboss-transaction-api_1.2_spec-1.0.0.Final.jar:/home/oboff/netbeans-8.1/java/modules/ext/hibernate4/slf4j-api-1.6.1.jar:/home/oboff/netbeans-8.1/java/modules/ext/hibernate4/slf4j-simple-1.6.1.jar:/home/oboff/netbeans-8.1/java/modules/ext/hibernate4/hibernate-jpa-2.1-api-1.0.0.Final.jar" />
    <property name="libs.JAXB-ENDORSED.src" value="" />
    <property name="libs.testng.javadoc" value="/home/oboff/netbeans-8.1/platform/docs/testng-6.8.1-javadoc.zip" />
    <property name="libs.PostgreSQLDriver.classpath" value="/home/oboff/netbeans-8.1/ide/modules/ext/postgresql-9.2-1002.jdbc4.jar" />
    <property name="libs.hibernate4-persistencemodelgen.classpath" value="/home/oboff/netbeans-8.1/java/modules/ext/hibernate4/hibernate-jpamodelgen-4.3.1.Final.jar" />
    <property name="build.dir" value="build" />
    <property name="libs.CopyLibs.src" value="" />
    <property name="ant.version" value="Apache Ant(TM) version 1.9.4 compiled on April 29 2014" />
    <property name="build.classes.excludes" value="**/*.java,**/*.form" />
    <property name="file.encoding" value="UTF-8" />
    <property name="javadoc.nonavbar" value="false" />
    <property name="jdkBug6558476" value="false" />
    <property name="platform.active" value="default_platform" />
    <property name="awt.toolkit" value="sun.awt.X11.XToolkit" />
  </properties>
  <testcase classname="sample.UtilsJUnit3Test" name="testWithTimeout" time="1.002" />
  <testcase classname="sample.UtilsJUnit3Test" name="testExpectedException" time="0.004" />
  <testcase classname="sample.UtilsJUnit3Test" name="testHelloWorld" time="0.0" />
  <system-out><![CDATA[* UtilsJUnit3Test: setUp() method
* UtilsJUnit3Test: test method 2 - testWithTimeout()
computing 20488!
20488! = 54024829093136657960377707345032868101630943412800673260180300332182277926244895546643376755165348476677346834325028126478304811501861257868679635505037121844428611599485493595514774767842116302533523739744598301692402478553196577204002834550024376085321761139383274417176720913024287765848567434289558523114685708823768494809085653971649627259185429084754973657256868403608370862569154666093960587513334510174423226548170631652513423217904381204155552270948624893869697474658706694453059800725534280034907265658593935428640886426475371507078656408163725989319997867848279798536338992544675628911348925144618285463589903901545934941603783144379574242388165899918693284074894087812606894209860423194027090704513663648748488514578259632777908264140735395491033365092328027886565136096326481320820088850327726608713262099029992661598252580556428127240023378143141676539436485617047915274207464283277105771786675012413167501865743689680964603965724868694204019685749077485509346048264727437958184519733031851469466192909348074897824689797627817821160853114478629349689107855736309427937400926814841473431037050393034807339768960496246321396985620951063850577657372751341703693085732383550049297804191968554324603615448509112736887809761437698893268884450576703518261658413421658318510964954415065337922382723698775670372711276230032468019765580103163554225563850502779706062776846731693212017308600055361536407319437438446524684065971196983765544708242416816338957148382456598637997712426748490970391378776139223495897051782617537084812561196730192293843684879737039623287316462382000062862915184204517658090652306920326983000448360140308691550193484266849092142689236983061754303301251541459168509323076501027399378644407224765358571325131965091410760306175667614871031309656317116747936567409157942674817684077854017468773900074574917980363947655760413106220487183864524073480622378701274216460138723593921185282723456944879182382800821450760270478827640628100635471014372007823600139067151176476560070670146570773582533621638035880363517824943626344232754207187650800962845774627186771365882146172624103784139659156398374157871257933397432481691340934991838128592263072319113429654582531650339349645365556410906020984920871533608910074343912803105545590826485271312933472346309278024327205932385495483537161505103111315853752478999662660900700266159753958671143763125926923137320299718964918893745241120901611077863560253534049116826043102807705846588910805266293502293176529359327973037945918221392724188605693723680456188914919789405762315491091848061259853290801893880189378661926813379337300690771288038948735384260887048150071088382519533211998229040519953786748994189820202236072957495930151703122296082357049812212437330058205527789370753779554493414164587310966717402248181082760658141416944813258367638561857166018325557337419535206364558014212648349576091650452553390014095943219217854374347201361345429794399448085515499183491771070505897885623259911891969905295390608848817608173436537827355460405235789712758247924678346251489047755497354199253604494880388264204319694962154538535582915872553951861359752256175903957774294293054299317958194019008724029137850137834480485859095388850821087001043368401482340271656579466496641144129217475749784184144314417569716024306878425527255064837992213984168556378857404741889233385533812109671430681187522133138926963427050242860184388513810294346955111018447930456108476571126956289210772004689689567045980455419046390447782480402908830303513799009340373045943947911491231719687284349451015720266926839716218054392793396775206601043253217302625739484745337072298088726952521303879619718413641309412318593286322505013635733650886838265270205409565322146112478166073986396082483604284556328647942343297460058164669534602570471703953795621168740693410393118977717207970562905621666705185133956254252552256948877084108925487421415484089469728629388525588107699983319858128141026064918140123125311748697896440537021273227946913556996076203661242466650336090114656586773440738481867831775516321652127091703622249170545714886777478707457309705155498136304201505656246288515170349504620750516623816421906183983374660307095376276978574294632670258222102781272739560564816359654898408732191064232823422063597842096499067309190499039498947694715347330887358879606440722955838137454411381959343085499856459054596393212936127185379762136136548776795937747658852851635343799267912825266160635517858053088753089020254752197988197224433764592729428347169879687703981383977547759360705214401999201589803612221263077750448135733431487174391546527521159346853865760398698500599966791935171489834004313578229983797110095205438628275158907632930722735473275391595972901087935267668941443186569319752625963605571395995170290345094033786362503228306209473856244393221896069480447562683310724376003537692055136718635117153811912834515341433654502851605874979694859743737846871848991854624419828947137055001348334802119760160659290046136368634778313014717713757921488427273803638742999820372421726832085270028632925915824574733300295615681413811570927792351353580111832406594961849201407326289661461811940745555792475150884984486702396857511259489022265099104367097827500460679160316164631848195944805561364559563295411336235365301783664941928009629819142432930887905862994414083011671932979372776582223357572696223954636813619076186820162875392783846149250573288928412717447973774803517185518552699490153562901441719548062852029033835260704922128047462982789251788863860691203032423463971591230435643417054427111396579245135534527457270452459187882209361509951531430046348364954674260053999972509169149393072966637217168818351741819681492696765457946259292716418246454114027032714405334106754270606042829010878634653631534205550631963644400667945277208154754820511947656193092614436967974049149238242824105082842947167408716434938548717776294392686761317355181721168587013176279206398188689505864863470738645749301607818508174974280785430272778682068940590113106807479237699080308082647117927199108650955120691261908343327305752642025390704360890798474745671902194310242002490090018595783349420052915709369429055238356192941538375247440512007707660582518959290388016686077489126546676586996330039995099290464099059081294482123709149465828065359511412657532561798106712215197923827565394162191276681637126084993959618122170422954820784190709315663794227276292209105502364842574419352813480394671483317765989334143573337990490684672326854976423313031264087904318572944517451499286582230534931776167668854933278503899631322996358876836995599592099433358995167444889805394481453443755614161785684381873826050680420900342927533692650900592510268752070509492406603661527951768748462814231605266480315157531713839265453090513511124036430340462969343763921247512287379759715924786037126370049832648314639194164670814608620168136984674970273619811026335257379066582629023196782168039150999533184525542803278793817768577150360967447669951267604618272111995334627496880681529373400659049641748820230779934710958776021840802191411756913741618000083824351452681070956689092478267186100418711376665682907705760095577613909518844435350257938864589377185868267754748465077809282079700358735297292628736368725583397708438429061892005916919131443154739064055228063235925583320980367289722732029865476664001627885014170206376492167894143206820028612991670082034066051600891093299201640083945132490644458221467338857901103949164912480769081783922424643743881725661965316965955364131808231224488982030346271335678035817996935815395589510040305230887125035658702975889559448938271073397433249634263990232170445138386310162500198257337068685957369294433055266328965248097821682946866637457349908709089273542738009370671393608345661939299261327313498663526508948315382883579231654282767112406328421036790290543391433847592019337444255750160420031705850964600477600300934308580224848160295093895248118047858994997248072100197140730334114277363250506420344121911260683942399919256170222710157401940615867398557718904761900217646289174252475930077193030458565117193032446512724522614370068758059696429583254026099495279305389831665869040456649458546255427292199141076228757810465298340770908907087030707881078062375710344125950894898985688176167710389407863033526675496313013443924619971787714338899098883296310586287176406997747004375270783650342373404249035257992553118450159318213944693407242066493014003761197746114448231167128571952235783647261833693976277798003001488635455745466032948543147352091693660746025472607835526519181996512392107520112544558020283499674912632012079998442022201914804596959954453244349747074783567208751047785439758122553792473265756299770384568375595337095068507896991177979534032389481408304023996070793351040869311582271030397161275175581970795694621494700419506835677886578752322902876631899900321982786020340855366538330942716244480789501975987092348507234900080849266000889062311028513808842422483294212509069445635093535470783932181470675284692715064422944249811232966636587397778811060890341707513503600728804165657955581799594457771494977506179550703431197786843594273330664595115404916480827606857939339229352137185470193195435452225517499463146413606593061408669772801460290543061879338067368410870065901067511365646154397639132526135155026796066651105864852459360892286694557764895932825751394631314045631945008032295560785631956092705196636094698989630213858837825360838392302610196428295816923915326580798042934303378307444297293876129542856125204753558058341839552958500447075976189128423724795138156485773680272245074271198444851626705161442059738782425762579052344770378762824162534213798649251749941658055395263175451782981675682242738134630317401217744234893710862884998374424137904709124284832481456089478099406989149883378771675462150611730778904426698267485509121142142424009295972429616576287175862203345159208052295801125227549829049183515575248501515953058099899220291011181174570864947823016106674027658587186943251583824390193336987534705442475963919644216197653947919413324002722920131104872971793691125868518987718181653087918476868756041845873130000753741754411660428643676255340351899234937326008000923741696487268571903951613139347261043878019683030113794945655729141077332967181465961682631077208276797951740815366807897482742187701964177338034269686339167855137642102143068381836511608126154576880311565300599103798520452751515843822045642684204708971400032479034776178180720395164092938837981538530919943925094098181821916756504859653054314111011372874220003624867941162413202484262085490926088939987673950459905209239265522182685098528668477410274950235576882329948759331648761810158672618490523152034778377930623018052889497112888577304699641876730765255541828627591647939846945446729747806650810353133476239125637170175669311895156886193764448439745777643209591932188918071743168455513012806600649179963276821277595372941966595467940338220836564983435339251508675420334150476838821950057322795947789066956538916972298479881727299915684148984088375466447367957568012339972733476603068447038430753331887981720755417831971614575338504979107906401517594989092287376393917739149601248336339979387376727914535647307530767755216088675868657636296393435342681965120038457260120398885480700544824255393525090006953757530967905616672617411840716880265215649157423942854731845052194539295952614118223881074945704487118884971879721301675538938145666891971857856554832558060041932681359571053165192077307093663724956034582992039392784647393969718313287822516990564468555362405359709840502290751776188662270123042977730915177525396867062526242602446759255985480115079798738001920094912573317560734779821040330127035831652870721349848109264478183174827081323375502706438528478999034026018805538313682582175026446948700405416494205981623438382595311324478193318454979411612621675209571963786994270134691930303352591378530422100573143490119216456689397241238903207592822662961656877378702953099915884856091779670999656357299081717845843491820067665579793959616138432033673590214203893153535637945461908874779181286997615905510877046542424510252753764070951653944212925705504546394639922962816565661289519470467736862542242969383331472706142595363860155950327186857331829908383372347509960048069412494473232905261996622841180633686314601903749494978683373391781103652809256680220758561838955377167528950505166928230659256393636620075510717437498624017299338029365024936769932919551722312278582284386213155681637864367455267198157665348203976659010074033209975553890343013097932138770059203485116892063170939474503855359459460012863191994677289568162658814821464000075335267791879598867131073242395468839110082281548413720222747051066639810601057308024777326206114442090183445369867546398964322381517796284694541097452021092746991783131884205314495246399609320519519331376677309939519672668192167049913780707952768313882884846982856431844503103907345256914693617513802407501201541276611442111956336569011543516084150956877201731290096715223359879633196788572239929334642170685671626267975428502006287790049219735177887117752213064961471161817423535401869245528030818172616597431401063244058761103620589289472616033721808444486121811710683840075429984474638974444402122012526988564899387415096171233085882364805185774135031992674783117122730040184065781169693036284185899619574236185148529943422310561813540469896035373903895269888781689326437577161220583240180512138882274553025230028025013052716086140441118298652979356292673197035122086805987282954007339163820984459145679416865877524333211867197938233123762354655427397595150144940061790187016635957527235169302432824814642233549291163631089215410818803370592204448417531525037920732028581141081116796053600159204793155345634268922863409210476246684444403072046598964995850756519346306060893410698783069224254875316818800524000499697138894392860473060672497137257494407290428705832353110882675881426401068779058759586750509792831243260251084608089626608883112580555198296012129782721193941235479407481058454555071575768517498435788456836797322781933251792869107233717650975193650204704379641536106362219482988720689816727343590796117222017922521831724528069872257281738312393637577882588934660019644959553608676766231510724716349404400161676042216911871139701276532535473820648131783811957740158875350277920698371576291540947909290643717560931009052932755663472918526509797361501452314852088385519041028813786043069315493646828720997521548041250699642912826026532442348247523221802182703244956695283946625321466840737358150814133365341941331542414320475592189037474849698107806333136292397882977241909016345698706553735329219795238302430075017319771105900233153615334380516469439976977980451438162425017248394152916713931522224991602870776252154332873419204108186791575123611856159859927284347227197348637456791113050658006843465847443045259768230996101568969321975651307245508038839131466238978803448276093357034631429011437318600710809248928644466649968761225604478787248223233245090872168441678032482465055213836341349739659251989214301163803878421322301263558991762449926522933727338090593359093613853149883960797202961376589731027087465285713273811976122888720849543340945751246804495685808065389526824150278931572340704983500855422088593213948889501562464018719644404287593605629297599117973203904787998560716875573648408232501714424798158167270253033627212502666778445993449271452428486919060310620459073299870603146472646193265330470146935794001930173534605076920416657452330318078322013476744208043993482878405199651636904963857597102216067287224012964877217679409943470149219940216555904545129137747548906511306964900574621735787880730592359935103575043413367416495578361615676555191801689117364460327043811713124649650470858603088705543423299581635073523554407723889418200529309462864010935320585585996906760037472675478893848085981079101105597475090353821864977254994627509321812594402786139215025861464364730879213068224027203483984685277874653737476712925669192696288759273930756110255752604875486501256569038273276268744375894512917020858998026954154372573541999108575042727515498320996950529492612429888837470354274811164741697462121594302332288263959754270409257522441057205797803198680774435398582729446033451778490248668207400416184644336212591390469747084497845911936685000363769829245378557025475436313210049619685698311180563098160460991044155742280882495165186076950091772160864695092179417036564181121431481980981510417649819719767660925240502888076643037721460326291773474127435246580726753080113710421330672862680298964678439236759312417529868135151212539757870670645296373047634053052051415642885966972545658447362298576808441852403214216749771149556391784316775240493335956655095904841312374543154058877939054829042431311699618058073322296910251272497897727149960279692380442075815680653465631942095798559620900481775263601816382727359183082182419315809724405010464036821233860388583595430488220750597711766243188026739896614107484315161283391344099160712338658760165610387177345218507070558038478634063881607627825268855289219419439689240020351274658132458232222186804918968628325087907145861758069442319855433903725834361833087239049483422556738926858393111095034026825878802800330557169810123347061905276074850316176965295519797130007825747137410149858268937052019725672199169473997411058163712218997343121164984184281082143976169160809411343088046024649183535741604475175024028075486444193059717649269679679376854133002276578593718836912675610419376460042331727011528243846454604581337685975263745162347656106266221094594269763754225595683552872930369356238616777623514182643075340810438713531659518522669084153803863834786501037469569449477780562276578432052832258730362686790987251092677270317269515357085640860881933095199710939247237566468116768253051752102447373538880474205197894556192468888668679795720581236270773344834591933005883721657181105034184008604958592142245955479338203961236276615047479554365747629692475724149666314551784839566019193076537705239062655977194486122363317780631294788425904599153662051203803392590482831505248940850114434245829187257519634924061858612785726760570863162068545795083306555283919322389665557020498510276476359652629245111966874639935864713324972245757082907460185789337583935315912097062635563851746641198314295573384425804311288571765561970421553744326060053721790665547636534018175694644739662448150351860540593551857956469653010895465258104959038752492105637843960544200796839725895962048228491671356481515794078179306215361945495730138514526980343322603874575668672895584263070563726001208143840107887531700153182157257587587088896357521651229480202870064399447958626275315374683152637224816946838834441296320687097832193347207741444413484267497235207673083350543423019934822251697971085939165193920930135349249156351285354550462620725488116306117206360157199831321807055323661093032221214676211943528607264916927720104475198248355940663203537400721161330171490155164994351604382539886008653070454728711330710364076493308060867340401420505954515747266986703486296315287921676665002692062401691813753412718045914442098696047543634792622988187871062490264074640948764377507870344741937442347548646001286605987160565341966228818741654888392671183604220803522243584874225349813935783609163750455986429435982815431559053565545445233809763783330036704380876496025254226203842309802877840462992593049194090653388281597652823841051139875272947992087773034952553408920640390592579263545599909033992659848194925359800795811642712344479132557121288237226754332719354497495326612731089677888125214580462463604291682282173335440440092910494593730708100221050821803971974633246515322328841942250972088852177330741186408746235455637290587409664976035493015427947216672811325658419060451832107720511256572190268631260693401889263573648565272696548198302202341595753520822576664098069959290949973104209905572951102255566307646380274500235145675138859637842935924143800537673582229072021101231914194074020228104484300135733992610302290929890366837079364228733359672865922583406975889124674701952890459132873289445323544044682634594745774037632506861299609987724352736710054259023499252048753800354440964304242575042247263835424729240412276348830149870483290700450251491172007926000958789047475933989125661264295604928809184034689580834852821850295966953807808429053190122709538170296191960005083903523649017233362902562258562065289301256132362659616661155559032872185387715854180699657415403200575237878731005875031452087344282003419803243749168267577724644505356192147491044753670310447562125594444205547031659549428836064701372286864234996948248336510601256080910110235272731215766474860373501128093805468666025707186874116387920189124932372884690370144156152471635800365744239899819045418729245769182403625578812203777096334707290375906088236136996569508154510352292470474191301603831954395142878068946233307881162552553276837942137486340775503838153948652642363144535315101363845483035322860763073449868135019273417450758421731898844188678923274560402193845815947207376938847663425880042518189986327762468495092397787245939042396390126901884927300272151666476076551213487938852334318846098051332774416327321796439847161941233489425711803509693752687793925969030217337262108871104345360204499569642703526052933842992958509891797361199176560747313696339230861937530792950342447548034707132510969930863684482494199152928593734412298482764315977602324122573463264113973465679434841042491187767144918886635782654513814588300220567855931222306726080839343137242685914902683942200173040466468410341466541509306389880915500391654111662806178514693866799526349750142385449430712906671014986334164657817088193870951158266565606055925395570783030512697546266700785637363743289629926141495173016581255396929267538077942198154359596122881263050322747133927550301089818109709207480320689434073051236899881056291045577646425508380020277392314692842349402625818471690436348262130014211008887038160378685590665565612786947627200385899120118761913455081586877884025728466382954291306232340237031587145509904983385303019359792129734088196482837496829719539122719892822584033470734985216625473965134484303732837585616385986519278816946211394950816927459194917003536933171289422963869432932194507588857812164601854530532801703928124779033558374372829492462177205782363306657458477385352951379081466255093018719033334463273580997546441412725106179113383750384617562099066530606583622478039487927243958045025260917054022681991095598478968075685975044840067735716164624429290654475299504802443084701004639099575752451914059786166973370188857295590571021762723587557116479617838266370187908102645538376018914391198131644323108932174568616332322056364154825566885114944497363224361496083631210191195823968240124314988899494280410426970738632237938696349629889807083816271383832295287809798663892191466526497871069921149924965798887086766070725995092025036526349568114903734914327219989660046492694757042614468555885195902031100777836602814167611788236550436040155000340960072839132076032159007528198801373529111739246112826040734002555954909620546472941906580594228401169956099992228556032266521143659666610680754977529323036717527581410283598842605422583963149210255167411602037701115611440845490375581043079554089139851468922975661969632094786249551237783200904993515599526787603555773022459979849989798013684982051027219954730094960764578401753705312233407772177563434335185262359913174618746666294451525897184360335728667535708094345315780423871405565675361511264556847632215904039449407233401011239808481979550909628137046195272409022316726500923309061413984787119041650729277928649412698632058614635463309303422640420903289654254487294469709014285134538898888507764041050306696071844897126950569427116353022331332179245663322627986043286682651032127274332867335507382295950116690830739047039471835244799983224724461633716114472469199146033728866981073412765413983616443268697075736635534135491672184384482956605478794617514182615066317860064960619373727177604150836783200434670260574774597982548378646949644255742013997471580366460100493945286561358405768779591098650101952085554117972876910913788139343118755858570551887120447973268358076214613047655225173782276078383330194595073441277647265357471616352438308541843238694348106048468756106785469632501284232289480717889801307181148897376401402208425901801740510783594218240149689485253849333327723402277573944090531427657361852851770583861902333223397351895013725920385609376780500090520025354920123563812612818857809602487059907333830067378592691832442746685115645075259716577954814904820391191243889160718702250814622014462290158889488147116719462505000672415077087209495664426058278845395526569933276183625457069458502142022952454504836287455856280293863454554254134802530329388559605126407632679153958867410770162691766697615155212872031912081285402442944031317608101197848272453549109737943372900606999350996967880893942133962564655607118822597496789265936438097805981925106899952750086759428022210846378287176831493045775642581352564146399377954098903205805533731959915961993971939611374746728549536103935925213033926183112585721006176214163541363604990804592540915016932645951115271946287246802449025953884327232709722254403376129291017865676466919066715169060967336087527455957593358969854337905001564481004182312351577223826047721700389965886085309376566132367852299961514089002693693791658545439354719291303895767761756524359293253288535062722408334036710615197096821429761850288059246322137175067695522204944397673568430492003993494211377905839401589024383482653364767197868827579016743073549516120723344288573576727011545794362554428824079360607500829892969195459699346618889014085001456007742960058743305817264644112946904469781480272214602132758729198034874312275155742471353649337949260379247169377359363579155185990450001553585699991425020229407458786710204345281767607473067283382848833490215353964578214039925551979428637760244835535473423924852746529489020044430522962519909171651778547784914055294849781008307942785528824438622663938696810187123723725725356973741951326669981449426154170277298201209387584935825462770983034183262660696722815956449659139563200295973181788575019507273790832282203306535114323502775265410952020903239432073420373650750309291575994390275108106862327695492585290212523532474553533046998395381824169706273415940963156101564095296151750971635796283497270533900841017300100015363407145769927623686656385892881196446667303439532932596422226970284279825801486073950013082097730713667028525420565157108198681774102340780607239482494780436874682415386752936364197673961130525200623415376405215200026386597689799024514747834137840134968178515794482237638628494158116217089416874066166182624592119664489356684315186751919118908523822618663142450588283837059784229877424928760835557381769880296784705964131636474844444573918102081032199879984431382901410066553255433118339397732363633692919003514655727804055020496753267000471827410556931938910097903560807407249784830563365911802928637214130849036376183658010652827531205273541613632447802537854130891684821428296364248004080546631925234321430038102265826442840528644756518227828698758267556193802463565501149169886159136684945172750345315684360008335830475029172741692364576110951587487792077237934533837799158109464906420098132544309267725610221003756406637034938323504005154786501694094117559308933845269071566339238580991727527137760054256132334100638786589109247968784334577327999440933952888382367927461221039760983889804127764628024315856597668908289471318756527271973942515278214831023344295076956081228596825063321258401174943621296046178193321718471234295167139129251589937115511101260868843355669909806577188401547019149102588480983132871510613526196401099068547292487376907803272724521873889377198576255691460000156041410465864557943328914433634821257884850191247898370113324820003097267659546071915874547889875697086157375718125028108173922735986675276029447074385191777412995157258135343494369229362557792427219218436542973672052087002984286879241711690141754160073704165064331716969893009883255748326428133369246223044896318378286165889479008339375741285127586057565557090889443289730820312949674045174020445422531605981601701276047542938075107055443566647744700979274906154145071185471194777844526859810856958672221760007105480596392864148103938422049998354745995698453611076220355534493454323615878619589312993207374635230148625212945024333563993565597581874598547446570081941631616668478456069796429440131087554197406867435150806489421558383867739929143748036437591899910525882609783413470456292281782225618182234937252942051985061088772257977084638600735547038856892320364885369743331287704246446938367275425171108316077576683052753451398452557304320917940268817196998586574367803366352484703105833327009829990720897592417122506453818032015247406684641764763201703606557289995437346722749541925109044699596223937617396082049020497606494078314805328395896064854357684110780696646572741207090431615876350191737424661052699995551098282563756808577042907213030051179056973880771430531361298843466540609887927728443601912212710997904065389802830939728776844713572490280291327984953060913560086045911403108826069415305891147646304338695278709454004817226640715234656959599601168418251996302832030226478974802838942567666700357294837896762690495480476487274637420520558618546258256724747510255385637963266725916746898831957234001181395341396216123421742752951699810641935670568933597607797253510752214206087642663753189142586941413739921779955060576173485450870084486917964840563720151883060214262039565411835873206201984704816882941501456893618833400103230002142430908572224522088914774601166083364263400386791242920030185261041751523501706055433171546971926136836188455112088523289453219617348058580673325562876359625522601436577220128748639841412013200380037079754218678833094326273929943360263724969918336767796382719707712447650918976648485771984196717012495737866944905817130216577272268013106248026699444401453109910966733198075045669708451289933213995362623912457987589845856118439854804891147134165148493121687667796752593437834564730324969321538609019504676834437115035100024645773746727295703061164124788121188518602977721589301572949419202072103099124538632787612150341670605381276246433146135023487648149029443429183216684299114327904923939464561290004741011159622083217213541718390909429302345385236773760193825820936482891175068538155218372094275790401249269925429569845532018332314868931483486568330187451998410438805592546089053943553022943878184600146581021347592375223808171570332498195372104348580878166290071717159474114330746046136828028987368695620645697273813772460224156640444490695208349226341564636899178971829030004124974733252625554541260146024567880167223792880682886884518880947217170299719287982345889315507750029426042541971203127012345440403247912701730848351114763846485012112884214161031776872657761221698384712717071259499479216200024224623412268058995343196279145085146156096744697483413867808067978744094977673054110099656482261316066354083881951069284763022582206247696335739030332552369074510896635921461796109334433637018636126138278670281868002949662390068040037597003142914539098823131767963624798582486955069213016734824741529006731140278096041883068896664764450017202573095474673561493326930848999294670262828108590229501466391706799023805161041086808913587588078542742971438476144045437170334655732782273162552920992831332291593582085865399709217381733814890921149410228889840195938951296919664950213857918126723046671493564719405693909398369782287638436039854538060317204712740158192429370908112092314852555448280059819750464817719856533885650089105437530228426786249302257615645088184728562363082782476323092053398824856176511348224034805813064777044777904061746198125718120593292955139621896917821338677130466894680312618594768744271106327160488517309805947438761093795082492185701809348648994844117073124914359470503237496941047744868652287530996784878638185671653149171084759103163963116884921655357850890480935427407383279454468579217200849580296744251516069802338029514798430288683356302584381485800155052817579665313326285018806164117593326590226700193793342438611494682356889479888792024505618960689981819944016890548713262870701577254542155037246846291987017446695210146259798856851168592957613017246668715671200105927318403745785106551454669020691805981717997433508634295303339595997985168984843622157268963351356213029199353663066329921366417595842323536306861138625979291282738084191268666732651098663311457525800943272205567434720973600914159294594188597218031543800858380975640534330131131109838561864462450835527531701109755060764770104837550138512246093479920763896761055454328705388882074760643670448621661026977243048996173620325213981108222743763261364838755782301369531408096598156033662106272055432687394602299765251706587127981753292959401614154594922175841566907755007744778782897940061330974159627277816829301963266075145283235632847545918071753230751625451972273465473989120747279135724418544510034213458574908808459262744738094014496757801420701333200745254490504004487497958762604904512195895201614692468203248692697086430819349076787193588310383081754073642275771754866258007226085618766076743310426122079719152457679147814996526329379719350220481541708088797604256890957542863483710822731947899529953383149939859891717169197880993319114798216720893367165452921224945022368126727329918603061268396918402206164428092715586726789444870879334978223888746079136297833846544993452144335165831094990834973603798747896755876281418261493152555752896763804340205284946409537110855988389870451658321374382485775297191365046793780724609535249749163766701421156337602372214456600682436746602832201733563356187410090549403947622092286577654111021816478571897911301562887646928329331052584832227647083620727871011709560178071942583344690953794207050985140091138137572015300196407146771001573063482280808529662947292866779462171443002642049526615574298015688138404767017010553587377089991016925468935920432362666805308673132382705670368475945889565964611878962065031913864455533083254358467368585227850224063238134067839148999584154928004482617865488037569339695786891307832828516548556943554512328131331896043536904039416973777671962128739704397332352339335985957048544378959008970027214471144942626433800031095942507332424367664346745374943689380087916069226453512429255492697844719526211181086980302537741149371635633474778537648589683151409871688376386019949742567630740989632642599347329373482386976873404225515552093362248082162394161514890711458277458380183967289714874346573191565203228849141365043558489921279122010044006488201275453337660802878967519619166651064328380764876539895646894150194689587366795052099411000016120696385664606764751142216819561937390333310395825123643385688179315343081917589169199235367264650315517144663396204033156760170704958199582957420659338043651402009727919447083721187518370452692944035071186527746893760743773342087970313012125189150907494312518583351155755503271429698860596999374227035790644149780949632248679163854907998086768219475223236364807770129178207785556459183700708214815614125571834439178030792900355297751852132466699309243449856260071963585101710621606759955276498772349249051933523035525061882969670485455083317024325915339953128845839593940672307665742130763268590569525987752200893444914130757125450156960437095685049735129558038097206768548284530953116861055511734808189879116860849891570960626988160783914328632639799683261999342869512233594511026809859705180359044197339900667566239314383554003208731515933681376940569946037448591461145601918375414344457228979504787789319335732120465133850645480387104049879812587921848348452646792389217945736823382976150369877226779103907333864026651086477484599946346191341030354250840679572069906539157938074151793827846658802642064127804613593302743363233545989437859281309003570616875393498571792337739749411732999140763983403841333478661067231756498642606895270012715917484606316158157824223162979000664173859070017559652927134714443272536512664110375228920016708544696548853777516017728625370064534165165982250707170086298524283703422131115270424524207281683855216860451315398137952805432903463847469222949550727239300949311476199931204984933915689849121569691626839574574122640720922067617314821476684034394280964570742902417008731935303407443677310480684932156925161307723826994709428079197613368778313015192590169147159281772282884717979008636875637470091141390828460574082382183848769998309817787646025577277900776988506931360593280525420470763225301452688142640074872779699727949320713440343359138176816420648820117145408191359400240445776715666019020489895422738551599150820148621708323118613095111703624959685155597760397613273780856861258153033764525385042713965933965853735226848281056621481071304190086238876866822714245173972342173299164174350537459162516008557095902175665126284906405272589124350969124872176290041904454058106401467940178827818070118860219908418506445432003673483409136888854219186392715653235161303155440015349234540844446244545082413933143250620743972834468922677387371469760724380534419546785033854788179579588313030014094986804941382648467998343751390450768528137663440112256063109717544956762872507618019703252839868922999995851399063195547246540309126232649020207270940248238628488959989101300508758948914287402380295979095498451601076755694872195058225779464610890387182657695557039566318780741988573077280168178059173217434115201791081024631915931483085285340072539157435549327844973821806644154375273293338534848615148644288403248201669661431715150138643299687736265764937794358006741530672143164975983170771362963732155964284477237758508878525818412750912834781583113801603647754528389922548580397894418043271605959196632909770893772639904184384303037209910796688306993539627743126539629267676847093118111748498767386641146148798723537695738779305023793446751164584402788195781737517888343340350966851302186668622121578767249416946959376544058897365990503990796653203526196217256247956652345222756704076605719506339824725333709167741172628447219937603065494615078890783302506533250632583481362811434622198359934668650871544031807300698776524497089237925240716718637970636415969548958303073102239123361455427472081244024259080621876519547391685241125755563865916470888921547765784842003185635418777473708323421967502271325384610102220196809529495342443650375563451783574686527447602253041432547197646061960361647590484271202752969286238869046575028465004477412333449459992618368847556044442893556803399033914669951709455824030830169394549239583233813720983741381425353666484233737632346332901904606048205926802986156428921659315986271026350166587243128553816353025342143471396782754720301793486851017669904029373554566212921783442068893493143114650371495246491837115382823127674221831367741182817210032207921828839365824952349817756972388068834472740250544041459213477549794009937828544935037089048314740331216349577531157739213140603309771053019467973605144524213770178151303624145974936056255967662245038351250864518428162414052174057098176820664365083087057244826565263196723006943122467305998075586843987329086288210102055761147065548643367539529728392074039089457133271797757026466676258030245113557020966762679373549053323464972449773019885021356315462413086032685314979373465411836385376913972693514650540122769965994534415284593009733315637429492109808966926334266165279339002815427632038928343028494486080099390147427254257565444676923401028127391638919133058026993879838291305942220394335689612474399086552808671803893975553692511219576815974867727933041562498126474508088372185042123576031612956506092031846328850376929518602485976253730767119685234110455591191804816798321720428046422705816913646192787159846651620108416651700959996217405356347889207815646548886830928443096641202218898436303334425058731426484204663501860173218370548280088335576740650230597319892249845018921749916375199854612292296970892403092103460965155417197151247031323015016085268186706097270854450821576210805238830390047862049193544277656820293691530565274692486434092151779556114226986680605112831327897786347193912254239613183949468559946801853751740249225322233148092910023447762946121232326353939607801797666320056487181583598118949103106309549792163307993503817751237655099274579395883263363491658398826889979206498827705340672261898484769148900378025507129205697234318802084581950490920002860858135062506671195217711478435678951886116605467965773586059268317406487604545052095600292859655063497880307074296958024510747499848450435679972967880728557959453497541067855151539166400673028302434810332992719367888706274092641412802691784682927345011797366254170160332228048799147562468331206205342037119175555025010582387528917892311309424325966023127655519291300333405220677838938818734461264279246551772106794821351557596092913421682245164058346530542415340675676669647399051150478335779999725628894945439824203968873306801125863538000065929408147295529543094414074876958396513918718158050807871845106152090081219712617396322475170216421587642884842272684447544930573413989116991819933170037076505005165253866523795861671881845752521656170359043911081892965680535636347024497374748624691604821407189843109965843793363613974593481969998576868758647297014324266432269396845585207436643399556977055503841780106125773706552885266877860880133743499645094964707376371486085762902832073705163220795506122987632480975315195644982458297397442568124156811433543376791137690346388804513264012999510760262245722666621140212165527327803402061663830528476180521712100254759495500214473922277486645508477641420680169453440570368278861073335921053483722636831076925044616673756553837740986871441587288676355573171322420671418177028483036000154940176896708240025417912023652267907266664829463132208346113061437323990487983898260754592438535919410950165234607320037086870866817151261502295230794269613309067946149596376722478942451824059606333197362130439341967310650330055211944774501784923541960229889098279057155529772395759587430246012475171948479682118983189329781901853919996660822298464644073065519796143923117356082352409404162424341445938780433697522567034500444473350854658733415994650991766213748914056647562022927706807691907769536121445146061310712868709378026997135954901793348779854941111539734545557839250977013868007319908405040136109159319130339899124596156644894758393326335919937976297007637617754492853157563569793807632938285162146964188375633240510640801156321267955230814828489550934744337598907389501077740124944550488028551533279088870141365246845924456144899265930904120047203948532687770598388224534560299957810414472715777178731560396342192996502199657917257550471279007490921661263827056843519349673029279133326009457387722224793863188105762485781490858651960826719996284415893542579628346173540700691101611655933619948338146285815470794371337722984963852268053430051003692041689397049291562258625106218384522424024310724975195431573926968415355372812145463292219307371881571728235482891385963102603948086383122667272646169550473071323410766031719993199753607308498647832214166538821827841700656034608403844291059431795056558051236854483307493645416683219327845123609277442302907306206935112435141587327195859425940699178131039661974350314889843924270853556064424626092693119147603310646314383679776452931234285203288394092544552947252682122650280134153850263317723511706412487574998202265196324922518280615063500489765248925046488315924262361268135394874426398245166664848140978170303511760662903164158576245042151656448998953538699649943509882465321305507154761625679331338528225132043666163080853672383859281027995561169602418807419431727760082418829465167394661195010470742446786490751416727736498866728798770205955313899540979648298011173082008053420284684061372912122909865790701803119934822706847613696757806208489416927635753782371282593984005766470178688474763850836102733986399385485688597363158734137811615104320327606274247020344361992720302856476067025380290541359226583450295150236500787739616878453770770540862116986117152291308382209561994052591816927022189805617110016041067325210531132936063820114165779590001194817203775886054825729283539088634505640801450840170363438866709092282336781841445650901024413247141569467697874345581090263873709084272191563925210901614712291021613498755573263202882316646187850320835771231054770847248588622339388928417258978740126103339611416214371708591508521295793730165363006907327507798629241369411794012808508349826747057469398824828682787505528755536647987156003508226101906354304788673460675822710547290091271496423815015125510129512431758596213540342361119328946996392699831108337512777714275316176685177641546151186287594470995142264157812748557658353596333490508006800093312298258192795822501835820328728987418091410442600029731797122677888919369908243625246567087750752952450454298079447496738983489073660900454505419608555249393079201248051017441421104101143415910805677860283113855309919978262839502955984512551657772623178909696657858675663867637946901603797300090567405841077329096434514993952343576453554662055866543623707246225147069440327558393383493564330450199592429013308638994050271015273299233879625228663176803274597647241513708848879606902233636894079567904639749870586695141785362051847692834256406278475209075945453328657761423253997263615936955294242799922433732211174103358996762886858484428825121985259704774553732685260849430332239640014087382958999853207549582092286217910356630319124929757418518541511075331974723958029100806381247134755279248573245498208167188311041343351541202029666658270308660579146309547436421017431960392339882080439493254352620602891764377182050618243902559198959865426586689273749341287303134532531594198875258425806828584220790227328913241022361947768672540546705011859434182172650570499753257335714441526380452587676672475312432787563755728963804069278624892651804847726562627513009954302046099195961260610320510435324257339635416903058940065742109030390577266262650290492798332404790469248864206894013470447589217412639421112111572013756884702517775214787595051160181461184564885194650478596589754585871603259768757478920974521351994974987833085603450802259847073901303747885224933801192288169035930142581974114973699068256361884273267841767362027304428173664650976719999027889166738324004429541870005757908631432430365461756462045881923737923928934084489552887112672751482516763883436881603975966205901462060353022818287943305559308195245560730969994957416967299678258125671657021775768719646616279425830764544114206606084695220404680904876848672755311629097994670602700240470816530630847484173303041299601122413877136138220385213871393070388997646319166912666664662731951690919867157159208335273870209234945916612959701695075442684641173513535336215738059455885233499404341016065611854501930645895559909010773006673064430626221158002637806566847597305223262114126471506508952876569284187965085731189144478923922296727250175889241003833585719717517701773080963858810774767579539949784105937027527241631918376828803199481145332481009283410067357043678057937333782143454580117706836953557780698212493405853763415759372026586970620511330191229950046846721696942693067117055401482689064996562651733823230332496994317407025731542569860462097547138727451919366636794956466559058011034556510360361526768658638312380046104141276564005707924829564613697559857437910420599461225053697477886301521017777255541088211452331846905201051294198878623507446805454220502804688404600851120931287357329101542398853840837356479988515676015085464228935541833260522463092947826596515129976375864145571535094394520919796137344367707856921138810844253218555736578802596307549291321407835540466761030836138726688820257692781645666634014443158137334929636094665500266678371557567926419201136563944183013087969136874807431504935335960366870807747512933240577447303894708159001267169854874348705693072580836609548335724868104545390078839371335035622365537024262586356081111374567982767585281753720070566459283471325617402481844283158205183578125054168715008154477921196961775399872721629981589461387760494406860520216130307904062764534745016470392730285938246176593530914551074458653205385596011510081068440745463998728841582189083287304503224670085728051672457447918204907820851062161311419826153148133712927290527727220220184039706877385928218014639159119176132611750131757413429669043963372148664897576141870735743045649371645094863829529221596973501015755063927942586783328044264201392989192156559893055317924176662651128831772475071243962684128220231746238847179432375952761026819103120686408136605264886211783670073152968460451217750653912454111566208973478694387061100573276473079571797334020856547127375159383418055092023324486558603504439253292277596560488351585267737071345793379763095816973958677667047438412949079576608631745804154583653101913025249484031340235687388444104606397166919154455690352985885787042876723321430761625861234084680705437904299609767816738526979330773338207928891531470546989554768450844710119368811786573735596049406934833239397755165532175436239616309969916615470774219167479828068256464321744442744937383251034650913230785811132257555526890931478590908078533554116351445860010255961522822839305988839325716341870517388512679111289760928003359065983973499838971835895072333456798237681717625273593446021434274164454234012591532022206039201545299306552760798448823605415649174304912476260452951407216511818260011884429066365631336930976517566096335423227961110470155463945366300779293688313311118500536213260400091261236168505165621429928133875919457315167477742015815193216276894429204412170525839619360367272955528150402723213740881283631848790269812304592675082617981761167762295436642155329976436687665135165743670549469739294045343906292419753088812038966981893710848947331400369083538663397287810290895237299501560803542195358737550854134035911899209916970569371452378763739457919522401601145762000122639864510022460179810623010259921912150792424787685636418048506181275587402754411411878338124271875740711817721163780760925920374789355973815529367011181181707857565768564604093083932628632693723856462886631658991632937044390519129188394029571236581374988383636715765546959310792769185668267931282825517036913275059534304887838648988612804987107621212390952775120031479297228253773846908036838211640131449057144615149033072473892310864325419460805176158912168974115270780010438873837254494224062294674287146835731027085803980345072220089446402338537212312397376907635008028525469226576447677593583189318517437275800893786576067170833322894159044420398484212677211474045413631132770830062691381336560258557029035002842314065504765218830935375823715944347712782489094693663521941354325673428248462969605207136809645998513882753523937461189751511907650305577105045449951194281721022752054414197308991333369027477698567395394896674108187215556603830892396075850484392062588986066034237536479009707879648093131660516559190002223167827033439458378437774783578648206481362174031418729323856404355870166180735208347412252620912493563610438709649721460959333107514649984023342426945491518445978061082750553215863813735773211366711206153086358972111939453815794854469478820290842321825214749526157533527468815414476893018141071818053770664870375479148488662944537634897666271061481519840929745376327186619232492569848287126227538864766574241621878662079788667980516901356224911571736392136842452705475032883320065304485171850237990754816342149727640475391610007831782088777760804434129104329597287847087734631372588165096804501562034974731242520110199976535556909865695801207082075333608292427584650528159313887378243117109379591823712591778261383584556702838772502612301905725301351429079668025925998989935118824947796814868043171943718164148999500351950270988822388935005966707277036607519795208082432504386213181239955970883044111560231524298081928307791704278675859634161982333195836136581588171664336449875793753161630512590955208885185889122716227321888864039121988296801517542913462624394851921201470083042361073489094472681039974063036921749119281638561042637568514826464912413479000387942209772193699109398252234676754442355848473235355503824631489231755943835745545991982521407112700300206874098521648535441214849163783173284671533783632743094189835066189317417460272476971712826645124463922488814277220994585771079948055043429160917494304814695338896156687106239211622888828749241206478314488214176821735954832507368893978093802912159450834726919806507716254263826264485444891557211846529861579589769151810524825335234867922224424384014971235967068055890086457236033448311033421801300212013256890624505751188079465501094714409445280610496331782859652580059741877187724239316487454491555461111596914083207849243692202487004797508691935736950228296779561554670675827118983645428015433245178250117997443623868361035669024115363040807350923813884522232589267787860193646138887971882193808857428981291998331292020167553782592255136374280470137271852884105207050841464141224140729925480862346446488128127322915338637134106696967029229655090518861254951214479847808073257717118714767960133128241267095880773621250700957277929871254148752358722841098639144009547700584056243911590434236310481595516016227653040912338711205540374198060643331789061709544873268125653055526822605264459231021921731574466492567962993276893168100031020781360495378088250179849656150344573294601466599099239672055056190609720331387791429601251496826782152162077447322199470039766841659234830222330523815246999438903515767452389953555717686514997477807251268444771195782644978622347121327261944569930347852787166166056340824311735952663400949074927124017175480329588361416166899000617849523352994437062617005143378249413153911791048084432210706094065643643469318864077988146223835569850867915180242028701216720265422808251653083260531924136434481756728568995406686151405448704816913451849498084212210130110869964152594905815144664602088330895826407101859558167074957911729431304391233570832877423548025060480838647327255585887223101851977048866301240137568220011693841549134927711887979775609047743353604890819506695641860820314056300476226713877868853297724463083933517719990746265339970061121583399606064934233525507098847807931490868666045476202179327373711476959221574125485758203179501559720749573336840368987427369052103501658267954574418523200983852428219598344064573649404991706605208619997974982391723724528707825959305313935397412560156598844056776500236513706038801640648852305469239842143120370520309289253990518190451434187082130647565893710393090879217051459036030782026975994727648122126289355863327049132397882163050443331877522054291481017696707803225470298996339205753806769926346400246135742170239621468936609301445386460058137194061695008727597622730254323540139247099158829051065586939419202979704401236420960767883353580054206395403278635824268995624320361672760031308036545835778671095187898065467854638240920766809968757094948714973405358814748070387334614815029789664577245152835192246290145923373729430966040881222550640732592607765565044096283701272190708985718941642899289288155466545878870657100091744847950837620594301850229219332569516654546379890005293388808364783690450076772722462197688945959859161147967896250580251409162629856800793153253897144959952974392293371499497268309158183093949932292552363501664282572178718193122808410460973021173625928135955265927172222666671615076108350201915467304254482492886755918920703256115552511348579577982803414018967859446139519754924617697578257356791175931511907849536729807316534145947513224312447580492686535222943944785373975892222910063055708118474634249366701373681631128143009168141686627481877961723666548085983640550805199385643160669946383095407497315711286639373356821586305688625174084285304692244720154619932237835322064640933221495084560142500278087348534975217733973669437457194219304748447512361439538780036275550649963824234756948396869176239693137322366866802530091442973352968336231258028523265172940722033074216189125000442863042095913474175831118470518408788534258506570051911745074588276982781906113724249439794778965679493515168128375764116473884495509157207989898357281629903873781490044159521917412190788511713611597510805010011606908967852034211506420446894812284431597641140068042059124881726382858051191640781061988079864247915383354845204667652361971399676843655989391262984787726337959577037149686130221273480327984464737278764876889636674196216221618642526870038306588569065392599719381051388030227510806142959994331062209364750622576671118606572277811008875219421346410179125471305476214948051077026451441353291628331996308306213908586964064479473815618961262178743186326447628446922609848674355981049316245769717355915719340257691599035676203036574214113855426271981568307420787551312073427336614432822191472083120219010554964242471592945402327812173036352346753753162347021930426159042569796837483623809373532616654208486360460390596397011511902028277058510403327483334175769592437364040228952140622532175558609980991635898592348576094788446316235772380843790529134989484117131635834516874649466966249454513392469606719758147397488253830144328189212403546475832884667834457177965722886670372739017564230913957460795876667335229887214676082825973699478203775021601375191634388483977714715917012358572253971343059375152084467205883068453365597079235217932027788261350597131686374784272090850058331385090325909394582855452645257703860703455511820712353366048770161822441939016287204745134113283291006941221347746134551740196903303359835521506507603340825128511932118341536389239020141719624467707073802310879923349000438623670341698689476010884252466632011810802702968923037863879337176411300995268321172315931553443390235869146704622506493288615343994622410683155048120866469765473230655590369221434571023210241797918476463922145800381431008443878727424209681268591307173665859908061298480776449311455869243247885876553949024196279738734997063738256941319852568940042255777883147375437670792543213582815320281183392455204111319891267710454860221093559873631851381359103002508254025330199422147894429868979701800457039182810538204407886879040513029687470466545196188815840023105536236645943574826766730470300643757113870548336340137018978020236721560371561975105365784561822225007679792487334312357705599393972701364203550378128383684172675281596733592223376511684253145280087724966110108729342830510131449283967611970675660137854950815571833362923927365961478667512631691812182654574635104495326181420546219008505307049450821744516859249673966437618994840686299044405620819720937442443760953493000528325285393239381415612200481568838511569659457883691166566527225021562465435608127013887446284645071179855804338442410420500428665436316168201781964688533886348233492385030667939036151278849645451544322069714575312883670696942179419538424857633588749487312495887531979466297694843579085953784323339897943489574972621752118062918274783659704688133988210701245039147442436284278720373031070835972618067166972104750563334717547678912095568788471774002348613111255133394510865516869156686793767931044893720093372415350289632265282822156102889554452429719560539666161009980751282754886387031979947986241443413019185464693518520151687076871178535082966762367318494452309940889456696656985616936725327219584914914987591035763869521709547441618292142152629526477634003623929779658205406256319321075934116414300200526640299346162511299940197114431117501142291643227727592649966636806586816275337600486345579220183897775930576110040091934934126661582344296757417274582391903802636415883054324008289172278497302891636160446076626867883206164047157052497933504847224106781412165265173075579742813974505427113189419632763437769207904351157296244520579753498773975694982732730515797234552685653926029747076129250685317785030354162057504772955375736605489664573721051039920959028070344325647184127452542200902466316688120877409800417738806421461783279769509676998971420444623470453299953800396612683136387564153010516521818000375916513636619263207237452330801924366683864183856195418483400550587224417346048780973539468336302849222185114959255224007933551079795231639593259315418019888674765035746699869031613830690348550484783895129590401675816856692493821104203979290906493249284471940087164983424740801998378355591366361985177439329608422863186938444024569689392374664553797650980452429658301351387884452458993232860019312202078556092704561945635142772678878898543075755299087543076149922786410699100482853187768603964382074044639487116046554468356236911973248221875597410943034559608202402852828353943807098642512420532456314951067838600321914766910707658668506145812128883498633779825451608547005071827027688530939055861950001794939660070653424132967662937964404356994319371063134972075024795466621681995268967379798002148584125193910966250047605074099098681428156278559476006546307830469695911285212727962477495140842732435058315134817520709129811399798249063203086907151455404285428085486264558504552492629497395352027439698751359014988002789946889485835104478878977213747120645503570649643434110804696416594555357416541489052356260924860889837901251161050871673583841884220674334600125872150027670488895835374655550638542749100162355476283594701543733280844760231851499003443388892827992494980364370603310019001713814269322673012229762336976595769124428131740079361335892536937243925703500205428248881239248091372483900670140748336592337256981654499509994449980501120095765264192346164581813533731116596488570595268141401280707097552030835256680177488487534448336620636546939034743183915904941714125753598390665966411857909150455780485843162271913032185147197975244666631109882502530704607777485014245635010995575322457559717526889736707322340678523953066020507835538433520493125855542786545454853466307382134899396704872366514682929558250778886804624781065174297183352359753679867593834958714422024889162588117404540639258258376129229148126108565197893411330085310530266030432653159095733140164270946789228375535528637604749577063611911227741214390327151041958080112154024913337455692819203297941531255084588851528043662705071672478638184583372107250118808205607118688744602446489273442119108577525356429402862815503753880409958024972634689884318154820522554642141659272399082810117211167422141579783667711978947272113973632428186317101034505190432588517198423258081718269851773316345444904372882640388412575277392925397914834012858309732283357887509760472968866450018812073956524975060575992672172195432345953396475695672958061232067343148205795229850896137158487288965662062417552131981837667285485899541070396699003034617915996827469925396162240602900245036267463351202142235237118677901471138618927434510200849842179217231452791419508243190230097242384827500858732831920273903640391325498317943254412883601170313544184701865506169025440111302246118150049903171281820320468259273250658036845004386812779849218811123460569693655889144108021011680283566634409711439023387818226181700360230256379553910535727490826629881510950548701623089587588223334557568414339765634505554629990237693775327440025680016501388920188297280413815167747113692146632233151967342562907717975641988022076101473517107896465048794890009088970714321640319825866812352299057265271810481496180476250338779922112840772968027166978197510725575460004512286790570239612842534102210039192011163459054786514890540862580381178852824947664726531951256270483251343892831286003144294032809324845858201557234225216339225384715968654721393883510645885284162532876456239035286843371802418830141809869698272091899231335642246471600615930822805479911345883998050549503524961977689282746945615455809076736789720107157078454741195413800953929801024951701960616006935728215899617956167394009490930591947570137747689365529213995284701218479762668363380306753388980069250884955411728474617790073355828625275975529321520387350448107817224619929763777887729179273823766106203561881576278638801034900521793939830336736407932552164100090245139972202997466802545701468902835514122692742559927642966540713183640971694012126661612053375488279143479331082850381225206328996393121753264221916637586121829370036028198792844054743433192234431946842711716045673321033484698425183139488212487275655527401578864774032577234883713416327940097179523302001092758795942241649516304622386540008454567137811286606837541786651766899147876457488245789374161515096275290329530752359917944820652045309781263082297090586032633724820004509285267198564718016299911921192171202292330541853034548139335924388569709210267277164363504973786037173286944307400168768264828469530194991504163208097638155993869443008163624786940672766001372710331979078847065706072014503163442314101731315420137508217228221039865694640958960367732097586035103655426346781945228117981987543365530942727374044275015234379193062126131993788653063112294640407182462212400108740108513871696296127608154080798231781795077886750838465565197466551516231292256434642102584766479925933646145643614056014048960774016760648347250367153119769029988924160437278314614097473962308234959694563816674251062973420063149164813320013294390515096989479724634361131416426059421461516270452940943564181265174837346304864659923642417802810634785876908935584085900154637685316709500564775440801220181105665013055426312400264469601928997837444468053168491497923969351063162226440477540563517116475307954835805857190071731676361229189612880899707460175635750692764560951245191051059533666704992472375019051926453267631784222685507788024066526113381510484090890386460271847621032595351683911161468913148537823126146083721806226214586757512468352557004833063895733020130877741306623975009530499515281279787257659250772445767911668069745386039189617554081473727313574964422459522030432520333223659384717455212461569668856187993284774030734918290933236738477845125577064409842697202000640592372858009656626438747922993005256341005679765631640721725420547962340058789830612376075935901930721284368435674210660073147189438803438664233461223146119802113420255685407234931328930965206704073536325536497189487985454572381162751418808036600576968268715994684550088875049359084911322817520562182712789511926922056161699012407791540565101565946860221444042335321283905745711670733093740132506792632469918567462306741237959330322037739676207452360895171945568160188744659378044461337417387802050354554041479835850653393611620317340564890985519774921782993958385675515134201450419747058885785288444356090133438268445591849501988659338833279168599311497606164261224754287820602529858337788369853642519685920815947164818090359169785431479913933359419037479524406807387245060639022765129315866211668577111111653478539346952608630636201451891738844491671491019746946012709811648689391252390933515548175374669219033666274906773099566612194475298239692298597317690758821865246124616661556730197175295118906157915756132224021921533714778696835568597884553062359432923998769064478696295706509947454143919031038862768818655208367449884027582641793697096425176571017901605713776907836932561031331497928784707445952329308616815758900483113943455293457934406512158601524302685242515944786206196760590751825773355095205504124701131886906047759431747054040207181060485867298011713304091185261358015785055152317268392820314406339694977928412564744539156896179181564266598401647747752719463554745794539638259082002996892303485499756006343963228603412690918932927844908194852612792678394985537844654043981151096832446149383802159838870115461775783426898746520822682494979213251145352100890468051404038284704305780296950945993940103717220936256913049197632831883916606995560940768061852724051483496876851061943622004934909045462461129441597937268247180671347589361929984660790751205653470167478366759231078989077580731112751321903454869217468625324180469295420382180810164548091315934848344501591455352618872313535467110650618468249321825843599219185745645527208139673594582177771511980535187675372160124130387136468801719258298589883994509013896081369407381704672471148654759201321387012130519012150794712872888236837334550299103346092628802481791764996395530973819243883994947079159808948758696632464973277013978482255629878185462401906952141664267084353881101855170821100080588295005704806597703223827737063269784830007132201788218516555160606098615039847016300787614126326306342122657208042593233604750790795472793279560919971984770531569097769567179799722814317992121471031468631884435097043225210963777388213912365644072481685697808203272010431945877367759282469730000601058117784153203194719531714387192498060275802838763623902471361095500487830020548899739458333110325459356688593185748518992801911849374945505342067699230987900904258108630636679818396712860105788656319158348318188943161877158604326899731332447883223095478706093645815374794035856725936836055692785536090899355343455275156940817557009388734672006744998198855038296581695517139225929663621916167555226544284801706999450997826911568790537663891582930066130870965048027656785371182414016521924319986494104503360131171036717179388761637511492884942832678066952572748930991076741525700018797563242806789366826147619894442997810507629040602321487462249072029723332777953488369420994727329642777142231981628981827709911899642221742271479857145594456830763597487623281825839211041474266715421065081353212328719187548422622142035635379314979927190172909677295626740354973757359108209092167247685080120581728301073708073182864987800015011376517935604586801029381972008331533650459871977991861590549262398580471563350938508987907150415416211245703139734086045405302667329385591104163212914663150638643154298147065592032359064304769937341999192767271635820993965253399051475899825184327143760058036989162475347493797275203299069188273957371398612997717020827132654191373655511576574051167853896153201712771804409588241333404386326191880054748194650321334403508397496886944634543513482412517377878371802967162406752970898500361461844675986616496891385352920832134029922918369430300706736278414696770819476379790209997603916509689506565891799534406758418006719950765942788770554079206978616458310953318255184139616303233721851477787822698119015559413381257541412631664731956372485277566886422118446206672367724498536874333524796048581231495331142767504661988971155972634513639075818211933132981917131378152340527199480013336887976749849651660160246248462311577023581660506099224658743069230016261850965235109944850727802699875876325447377287125773472515379114768765940393977568763036457355228266251086160274332256147134942543485837363606434935300825990503870345740071923563978293801404030486254373963142482999941487884806912708346928309240809164747539482250809221732172342669677848953828258928553931109205702732861252263396926626991786011112590673747235569389096273272332688025091121118581346915999171140537150809723620790057201101007685337730378530826058379349967622784351290343786054969799898784555023963150030746985520602578179833872576045037069889549605281903041095615866925960255871347124285170786097885607567640229964558275457305947872563402626409108462369161031219923034637380142294295726115411384391524849598055209073175097423459089087537353719778356605289701850626328913500345567072841101274586699634559929519549100127691507271231386979691756053070682981268879715012229680207281026202073334484938939364764408516125860755011826147679617011976406477791590817595578292809938627511349090481160454613337547809212353315408240733576415262380114400825184100479345971318309846515840693794768716940775152713468891273290082223336890433680593269946383751535518807568969488414321668170673143697595143093823255443451401904442143618088407593971043607081446963621585300211306801660569507136014326915391516354665604127782080035075425019556520254828849054783720903055169772710113168293462835903633488237644314022506951666523265219357127512459532389943606382363696293345885205445910030669581384230574779352488945693189004845980816408015628204072260686194807114640549615746289790500292904995488806777564773468383754192550771637257358531389169815302909818657078001771485350437235941872295257222882321775660147130738720564348607454445747454233811478614366148009183172784248212701656441384406667088309728012061456393450577417741288797185546846592777386264356252431347602309301400978212327107035351601807865416254232937331996041838157008698803024557547104084757443654758045295418373682362614108211814112527351284622530590394692358973881181006800806817190173424774847816205032070812260458550365728521482137271079147717228716399558136190967899110027840207438953063253270268309974186398091016193834455853473252609479349345209038225879745014540623044763365858622260971554564677368139812557437145104178263825919683116601254888271950395032528389493820965802231547334820139301289728457826112997905002094733348776453708912860592471470223878945348294300500985664783852085945531369293584226818952437272902705599988006078487842156508255328253791805624326606990645972134685921921349940494968327116270998519973591450322295224196183633948432691893698185094055130550324858702388387395316905221946782266379829335889639919505771452724250622898487271038708211202802035465383569156351554108732356995494952188669604422344626064863798233359734653777779763965581309973379000194251584623818786539412403962095862725218324572755269292292580168299908135041731878721603695430343823108326397014448257749968636851235772586436939524818831081854237589259627901044407488001737244229262074736580773810339785732607983027559626042722082196740141487334097223934754782597245854351354166126307672748224903734840217322701401719692374217720577392074583767390985363286982701293771637242793514032546158232574906226318976686372974401843302950846780188190054039036505689652433764709752649767307890776086303005649721164515616757249560231465290987409930999121585168036669178990489919009992052219513624787593127842177259637980119847752303369072574603617999510215639434503529751377029141258670768615101560113275106728971161108234802240249078929714421312036852467016531669214227929760432495587206840379789197572267075239882620651764918747126604798861299347062529360097838179143093511117100662386869646160970884287846792042985121141525814437618214098920979018310221824000000000000000000000000000000000000000000000000000000000000000000000000000000000000000000000000000000000000000000000000000000000000000000000000000000000000000000000000000000000000000000000000000000000000000000000000000000000000000000000000000000000000000000000000000000000000000000000000000000000000000000000000000000000000000000000000000000000000000000000000000000000000000000000000000000000000000000000000000000000000000000000000000000000000000000000000000000000000000000000000000000000000000000000000000000000000000000000000000000000000000000000000000000000000000000000000000000000000000000000000000000000000000000000000000000000000000000000000000000000000000000000000000000000000000000000000000000000000000000000000000000000000000000000000000000000000000000000000000000000000000000000000000000000000000000000000000000000000000000000000000000000000000000000000000000000000000000000000000000000000000000000000000000000000000000000000000000000000000000000000000000000000000000000000000000000000000000000000000000000000000000000000000000000000000000000000000000000000000000000000000000000000000000000000000000000000000000000000000000000000000000000000000000000000000000000000000000000000000000000000000000000000000000000000000000000000000000000000000000000000000000000000000000000000000000000000000000000000000000000000000000000000000000000000000000000000000000000000000000000000000000000000000000000000000000000000000000000000000000000000000000000000000000000000000000000000000000000000000000000000000000000000000000000000000000000000000000000000000000000000000000000000000000000000000000000000000000000000000000000000000000000000000000000000000000000000000000000000000000000000000000000000000000000000000000000000000000000000000000000000000000000000000000000000000000000000000000000000000000000000000000000000000000000000000000000000000000000000000000000000000000000000000000000000000000000000000000000000000000000000000000000000000000000000000000000000000000000000000000000000000000000000000000000000000000000000000000000000000000000000000000000000000000000000000000000000000000000000000000000000000000000000000000000000000000000000000000000000000000000000000000000000000000000000000000000000000000000000000000000000000000000000000000000000000000000000000000000000000000000000000000000000000000000000000000000000000000000000000000000000000000000000000000000000000000000000000000000000000000000000000000000000000000000000000000000000000000000000000000000000000000000000000000000000000000000000000000000000000000000000000000000000000000000000000000000000000000000000000000000000000000000000000000000000000000000000000000000000000000000000000000000000000000000000000000000000000000000000000000000000000000000000000000000000000000000000000000000000000000000000000000000000000000000000000000000000000000000000000000000000000000000000000000000000000000000000000000000000000000000000000000000000000000000000000000000000000000000000000000000000000000000000000000000000000000000000000000000000000000000000000000000000000000000000000000000000000000000000000000000000000000000000000000000000000000000000000000000000000000000000000000000000000000000000000000000000000000000000000000000000000000000000000000000000000000000000000000000000000000000000000000000000000000000000000000000000000000000000000000000000000000000000000000000000000000000000000000000000000000000000000000000000000000000000000000000000000000000000000000000000000000000000000000000000000000000000000000000000000000000000000000000000000000000000000000000000000000000000000000000000000000000000000000000000000000000000000000000000000000000000000000000000000000000000000000000000000000000000000000000000000000000000000000000000000000000000000000000000000000000000000000000000000000000000000000000000000000000000000000000000000000000000000000000000000000000000000000000000000000000000000000000000000000000000000000000000000000000000000000000000000000000000000000000000000000000000000000000000000000000000000000000000000000000000000000000000000000000000000000000000000000000000000000000000000000000000000000000000000000000000000000000000000000000000000000000000000000000000000000000000000000000000000000000000000000000000000000000000000000000000000000000000000000000000000000000000000000000000000000000000000000000000000000000000000000000000000000000000000000000000000000000000000000000000000000000000000000000000000000000000000000000000000000000000000000000000000000000000000000000000000000000000000000000000000000000000000000000000000000000000000000000000000000000000000000000000000000000000000000000000000000000000000000000000000000000000000000000000000000000000000000000000000000000000000000000000000000000000000000000000000000000000000000000000000000000000000000000000000000000000000000000000000000000000000000000000000000000000000000000000000000000000000000000000000000000000000000000000000000000000000000000000000000000000000000000000000000000000000000000000000000000000000000000000000000000000000000000000000000000000000000000000000000000000000000000000000000000000000000000000000000000000000000000000000000000000000000000000000000000000000000000000000000
* UtilsJUnit3Test: tearDown() method
* UtilsJUnit3Test: setUp() method
* UtilsJUnit3Test: test method 3 - testExpectedException()
* UtilsJUnit3Test: tearDown() method
* UtilsJUnit3Test: setUp() method
* UtilsJUnit3Test: test method 1 - testHelloWorld()
* UtilsJUnit3Test: tearDown() method
]]></system-out>
  <system-err><![CDATA[]]></system-err>
</testsuite>
