<?xml version="1.0" encoding="UTF-8" ?>
<testsuite errors="0" failures="0" hostname="oboff-Panther" name="sample.UtilsJUnit4Test" skipped="0" tests="4" time="0.349" timestamp="2016-03-27T05:23:04">
  <properties>
    <property name="netbeans.autoupdate.country" value="AU" />
    <property name="javac.test.classpath" value=":build/classes:/home/oboff/netbeans-8.1/platform/modules/ext/junit-4.12.jar:${libs.junit.classpath}:/home/oboff/netbeans-8.1/platform/modules/ext/hamcrest-core-1.3.jar" />
    <property name="ant.core.lib" value="/home/oboff/netbeans-8.1/extide/ant/lib/ant.jar" />
    <property name="javadoc.windowtitle" value="" />
    <property name="user.dir" value="/home/oboff/NetBeansProjects/JUnitSampleSol" />
    <property name="java.vm.version" value="25.77-b03" />
    <property name="libs.MySQLDriver.classpath" value="/home/oboff/netbeans-8.1/ide/modules/ext/mysql-connector-java-5.1.23-bin.jar" />
    <property name="libs.eclipselinkmodelgen.src" value="" />
    <property name="javadoc.notree" value="false" />
    <property name="netbeans.autoupdate.version" value="1.23" />
    <property name="javac.profile.cmd.line.arg" value="" />
    <property name="jdk.home" value="/usr/lib/jvm/java-8-oracle" />
    <property name="libs.javac-api.src" value="" />
    <property name="javadoc.noindex" value="false" />
    <property name="libs.jpa2-persistence.classpath" value="/home/oboff/netbeans-8.1/java/modules/ext/hibernate4/hibernate-jpa-2.1-api-1.0.0.Final.jar" />
    <property name="sun.os.patch.level" value="unknown" />
    <property name="java.vm.specification.name" value="Java Virtual Machine Specification" />
    <property name="nb.show.statistics.ui" value="usageStatisticsEnabled" />
    <property name="netbeans.autoupdate.variant" value="" />
    <property name="have.tests" value="true" />
    <property name="org.xml.sax.driver" value="com.sun.org.apache.xerces.internal.jaxp.SAXParserImpl$JAXPSAXParser" />
    <property name="libs.hamcrest.classpath" value="/home/oboff/netbeans-8.1/platform/modules/ext/hamcrest-core-1.3.jar" />
    <property name="libs.javac-api.javadoc" value="" />
    <property name="os.name" value="Linux" />
    <property name="libs.beans-binding.classpath" value="/home/oboff/netbeans-8.1/java/modules/ext/beansbinding-1.2.1.jar" />
    <property name="libs.JWSAntTasks.maven-pom" value="" />
    <property name="libs.testng.src" value="" />
    <property name="java.vendor.url.bug" value="http://bugreport.sun.com/bugreport/" />
    <property name="libs.jaxb.maven-pom" value="" />
    <property name="os.arch" value="amd64" />
    <property name="libs.eclipselink.src" value="" />
    <property name="user.name" value="oboff" />
    <property name="copylibs.rebase" value="true" />
    <property name="ant.file.JUnitSampleSol" value="/home/oboff/NetBeansProjects/JUnitSampleSol/build.xml" />
    <property name="libs.swing-layout.maven-pom" value="" />
    <property name="sun.java.command" value="org.apache.tools.ant.taskdefs.optional.junit.JUnitTestRunner sample.UtilsJUnit4Test skipNonTests=false filtertrace=true haltOnError=false haltOnFailure=false showoutput=true outputtoformatters=true logfailedtests=true threadid=0 logtestlistenerevents=true formatter=org.apache.tools.ant.taskdefs.optional.junit.BriefJUnitResultFormatter formatter=org.apache.tools.ant.taskdefs.optional.junit.XMLJUnitResultFormatter,/home/oboff/NetBeansProjects/JUnitSampleSol/build/test/results/TEST-sample.UtilsJUnit4Test.xml crashfile=/home/oboff/NetBeansProjects/JUnitSampleSol/build/junitvmwatcher1423989384275326419.properties propsfile=/home/oboff/NetBeansProjects/JUnitSampleSol/build/junit5244486622016651394.properties" />
    <property name="build.classes.dir" value="build/classes" />
    <property name="netbeans.accept_license_class" value="org.netbeans.license.AcceptLicense" />
    <property name="build.sysclasspath" value="ignore" />
    <property name="java.failonerror" value="true" />
    <property name="libs.jaxws21.javadoc" value="/home/oboff/netbeans-8.1/java/docs/jaxws-api-doc.zip" />
    <property name="includes" value="**" />
    <property name="user.country" value="AU" />
    <property name="javadoc.encoding" value="UTF-8" />
    <property name="javac.classpath" value="" />
    <property name="libs.spring-framework400.classpath" value="/home/oboff/netbeans-8.1/ide/modules/org-apache-commons-logging.jar:/home/oboff/netbeans-8.1/java/modules/ext/cglib-2.2.jar:/home/oboff/netbeans-8.1/java/modules/ext/spring-4/spring-aop-4.0.1.RELEASE.jar:/home/oboff/netbeans-8.1/java/modules/ext/spring-4/spring-aspects-4.0.1.RELEASE.jar:/home/oboff/netbeans-8.1/java/modules/ext/spring-4/spring-beans-4.0.1.RELEASE.jar:/home/oboff/netbeans-8.1/java/modules/ext/spring-4/spring-build-src-4.0.1.RELEASE.jar:/home/oboff/netbeans-8.1/java/modules/ext/spring-4/spring-context-4.0.1.RELEASE.jar:/home/oboff/netbeans-8.1/java/modules/ext/spring-4/spring-context-support-4.0.1.RELEASE.jar:/home/oboff/netbeans-8.1/java/modules/ext/spring-4/spring-core-4.0.1.RELEASE.jar:/home/oboff/netbeans-8.1/java/modules/ext/spring-4/spring-expression-4.0.1.RELEASE.jar:/home/oboff/netbeans-8.1/java/modules/ext/spring-4/spring-framework-bom-4.0.1.RELEASE.jar:/home/oboff/netbeans-8.1/java/modules/ext/spring-4/spring-instrument-4.0.1.RELEASE.jar:/home/oboff/netbeans-8.1/java/modules/ext/spring-4/spring-instrument-tomcat-4.0.1.RELEASE.jar:/home/oboff/netbeans-8.1/java/modules/ext/spring-4/spring-jdbc-4.0.1.RELEASE.jar:/home/oboff/netbeans-8.1/java/modules/ext/spring-4/spring-jms-4.0.1.RELEASE.jar:/home/oboff/netbeans-8.1/java/modules/ext/spring-4/spring-messaging-4.0.1.RELEASE.jar:/home/oboff/netbeans-8.1/java/modules/ext/spring-4/spring-orm-4.0.1.RELEASE.jar:/home/oboff/netbeans-8.1/java/modules/ext/spring-4/spring-oxm-4.0.1.RELEASE.jar:/home/oboff/netbeans-8.1/java/modules/ext/spring-4/spring-test-4.0.1.RELEASE.jar:/home/oboff/netbeans-8.1/java/modules/ext/spring-4/spring-tx-4.0.1.RELEASE.jar:/home/oboff/netbeans-8.1/java/modules/ext/spring-4/spring-web-4.0.1.RELEASE.jar:/home/oboff/netbeans-8.1/java/modules/ext/spring-4/spring-webmvc-4.0.1.RELEASE.jar:/home/oboff/netbeans-8.1/java/modules/ext/spring-4/spring-webmvc-portlet-4.0.1.RELEASE.jar:/home/oboff/netbeans-8.1/java/modules/ext/spring-4/spring-websocket-4.0.1.RELEASE.jar" />
    <property name="debug-transport" value="dt_socket" />
    <property name="netbeans.home" value="/home/oboff/netbeans-8.1/platform" />
    <property name="build.compiler.emacs" value="true" />
    <property name="java.endorsed.dirs" value="/usr/lib/jvm/java-8-oracle/jre/lib/endorsed" />
    <property name="awt.useSystemAAFontSettings" value="gasp" />
    <property name="netbeans.dynamic.classpath" value="/home/oboff/netbeans-8.1/platform/core/org-openide-filesystems.jar:/home/oboff/netbeans-8.1/platform/core/org-openide-filesystems-compat8.jar:/home/oboff/netbeans-8.1/platform/core/asm-all-5.0.1.jar:/home/oboff/netbeans-8.1/platform/core/core.jar:/home/oboff/netbeans-8.1/platform/core/core-base.jar:/home/oboff/netbeans-8.1/platform/core/org-netbeans-libs-asm.jar:/home/oboff/netbeans-8.1/platform/core/locale/core-base_ru.jar:/home/oboff/netbeans-8.1/platform/core/locale/org-openide-filesystems_ja.jar:/home/oboff/netbeans-8.1/platform/core/locale/org-netbeans-libs-asm_zh_CN.jar:/home/oboff/netbeans-8.1/platform/core/locale/core_zh_CN.jar:/home/oboff/netbeans-8.1/platform/core/locale/org-openide-filesystems-compat8_zh_CN.jar:/home/oboff/netbeans-8.1/platform/core/locale/org-netbeans-libs-asm_ru.jar:/home/oboff/netbeans-8.1/platform/core/locale/core_ja.jar:/home/oboff/netbeans-8.1/platform/core/locale/core_ru.jar:/home/oboff/netbeans-8.1/platform/core/locale/core-base_ja.jar:/home/oboff/netbeans-8.1/platform/core/locale/core-base_pt_BR.jar:/home/oboff/netbeans-8.1/platform/core/locale/org-netbeans-libs-asm_ja.jar:/home/oboff/netbeans-8.1/platform/core/locale/org-openide-filesystems-compat8_pt_BR.jar:/home/oboff/netbeans-8.1/platform/core/locale/core-base_zh_CN.jar:/home/oboff/netbeans-8.1/platform/core/locale/org-openide-filesystems_pt_BR.jar:/home/oboff/netbeans-8.1/platform/core/locale/org-openide-filesystems_zh_CN.jar:/home/oboff/netbeans-8.1/platform/core/locale/core_pt_BR.jar:/home/oboff/netbeans-8.1/platform/core/locale/org-openide-filesystems-compat8_ja.jar:/home/oboff/netbeans-8.1/platform/core/locale/org-openide-filesystems_ru.jar:/home/oboff/netbeans-8.1/platform/core/locale/org-netbeans-libs-asm_pt_BR.jar:/home/oboff/netbeans-8.1/platform/core/locale/org-openide-filesystems-compat8_ru.jar:/home/oboff/netbeans-8.1/nb/core/org-netbeans-upgrader.jar:/home/oboff/netbeans-8.1/nb/core/locale/core_nb_pt_BR.jar:/home/oboff/netbeans-8.1/nb/core/locale/core_nb.jar:/home/oboff/netbeans-8.1/nb/core/locale/org-netbeans-upgrader_ja.jar:/home/oboff/netbeans-8.1/nb/core/locale/core_nb_ja.jar:/home/oboff/netbeans-8.1/nb/core/locale/org-netbeans-upgrader_ru.jar:/home/oboff/netbeans-8.1/nb/core/locale/org-netbeans-upgrader_pt_BR.jar:/home/oboff/netbeans-8.1/nb/core/locale/core_nb_zh_CN.jar:/home/oboff/netbeans-8.1/nb/core/locale/org-netbeans-upgrader_zh_CN.jar:/home/oboff/netbeans-8.1/nb/core/locale/core_nb_ru.jar" />
    <property name="java.vm.specification.version" value="1.8" />
    <property name="libs.hibernate4-support.src" value="" />
    <property name="ant.file.JUnitSampleSol-impl" value="/home/oboff/NetBeansProjects/JUnitSampleSol/nbproject/build-impl.xml" />
    <property name="netbeans.productversion" value="NetBeans IDE 8.1 (Build 201510222201)" />
    <property name="libs.jaxws21.src" value="" />
    <property name="do.archive" value="true" />
    <property name="netbeans.autoupdate.language" value="en" />
    <property name="java.vendor" value="Oracle Corporation" />
    <property name="sun.font.fontmanager" value="sun.awt.X11FontManager" />
    <property name="jar.index.metainf" value="false" />
    <property name="javac.debug" value="true" />
    <property name="javadoc.splitindex" value="true" />
    <property name="file.separator" value="/" />
    <property name="libs.junit_4.maven-pom" value="" />
    <property name="javac.test.processorpath" value=":build/classes:/home/oboff/netbeans-8.1/platform/modules/ext/junit-4.12.jar:${libs.junit.classpath}:/home/oboff/netbeans-8.1/platform/modules/ext/hamcrest-core-1.3.jar" />
    <property name="netbeans.buildnumber" value="201510222201" />
    <property name="libs.JWSAntTasks.javadoc" value="" />
    <property name="build.generated.sources.dir" value="build/generated-sources" />
    <property name="libs.eclipselinkmodelgen.classpath" value="/home/oboff/netbeans-8.1/java/modules/ext/eclipselink/org.eclipse.persistence.jpa.modelgen_2.5.2.v20140319-9ad6abd.jar" />
    <property name="sun.java.launcher" value="SUN_STANDARD" />
    <property name="libs.hibernate4-persistencemodelgen.javadoc" value="" />
    <property name="libs.jaxb.javadoc" value="/home/oboff/netbeans-8.1/ide/docs/jaxb-api-doc.zip" />
    <property name="org.openide.awt.SwingBrowserImpl.do-not-block-awt" value="false" />
    <property name="ant.home" value="/home/oboff/netbeans-8.1/extide/ant" />
    <property name="libs.junit_4.src" value="/home/oboff/netbeans-8.1/platform/docs/junit-4.12-sources.jar" />
    <property name="libs.testng.classpath" value="/home/oboff/netbeans-8.1/platform/modules/ext/testng-6.8.1-dist.jar" />
    <property name="libs.absolutelayout.maven-pom" value="" />
    <property name="ant.java.version" value="1.8" />
    <property name="java.library.path" value="/usr/lib/jvm/java-8-oracle//jre/lib/amd64:/usr/lib/jvm/java-8-oracle//jre/lib/i386::/usr/java/packages/lib/amd64:/usr/lib64:/lib64:/lib:/usr/lib" />
    <property name="javadoc.author" value="false" />
    <property name="java.util.logging.config.class" value="org.netbeans.core.startup.TopLogging" />
    <property name="libs.spring-framework400.src" value="" />
    <property name="libs.PostgreSQLDriver.src" value="" />
    <property name="sun.arch.data.model" value="64" />
    <property name="basedir" value="/home/oboff/NetBeansProjects/JUnitSampleSol" />
    <property name="libs.jpa20-persistence.maven-pom" value="" />
    <property name="jar.compress" value="false" />
    <property name="path.separator" value=":" />
    <property name="ant.junit.enabletestlistenerevents" value="true" />
    <property name="sun.io.unicode.encoding" value="UnicodeLittle" />
    <property name="libs.jaxws21.classpath" value="/home/oboff/netbeans-8.1/ide/modules/ext/jaxb/jaxb-impl.jar:/home/oboff/netbeans-8.1/ide/modules/ext/jaxb/jaxb-xjc.jar:/home/oboff/netbeans-8.1/java/modules/ext/jaxws22/FastInfoset.jar:/home/oboff/netbeans-8.1/java/modules/ext/jaxws22/gmbal-api-only.jar:/home/oboff/netbeans-8.1/java/modules/ext/jaxws22/ha-api.jar:/home/oboff/netbeans-8.1/java/modules/ext/jaxws22/javax.mail_1.4.jar:/home/oboff/netbeans-8.1/java/modules/ext/jaxws22/jaxws-rt.jar:/home/oboff/netbeans-8.1/java/modules/ext/jaxws22/jaxws-tools.jar:/home/oboff/netbeans-8.1/java/modules/ext/jaxws22/management-api.jar:/home/oboff/netbeans-8.1/java/modules/ext/jaxws22/mimepull.jar:/home/oboff/netbeans-8.1/java/modules/ext/jaxws22/policy.jar:/home/oboff/netbeans-8.1/java/modules/ext/jaxws22/saaj-impl.jar:/home/oboff/netbeans-8.1/java/modules/ext/jaxws22/stax-ex.jar:/home/oboff/netbeans-8.1/java/modules/ext/jaxws22/stax2-api.jar:/home/oboff/netbeans-8.1/java/modules/ext/jaxws22/streambuffer.jar:/home/oboff/netbeans-8.1/java/modules/ext/jaxws22/woodstox-core-asl.jar:/home/oboff/netbeans-8.1/java/modules/ext/jaxws22/api/jaxws-api.jar:/home/oboff/netbeans-8.1/java/modules/ext/jaxws22/api/jsr181-api.jar:/home/oboff/netbeans-8.1/java/modules/ext/jaxws22/api/javax.annotation.jar:/home/oboff/netbeans-8.1/java/modules/ext/jaxws22/api/saaj-api.jar:/home/oboff/netbeans-8.1/ide/modules/ext/jaxb/activation.jar:/home/oboff/netbeans-8.1/ide/modules/ext/jaxb/api/jaxb-api.jar:/home/oboff/netbeans-8.1/ide/modules/ext/jaxb/api/jsr173_1.0_api.jar" />
    <property name="apple.awt.graphics.UseQuartz" value="true" />
    <property name="user.language" value="en" />
    <property name="testng.mode" value="testng" />
    <property name="libs.JAXB-ENDORSED.maven-pom" value="" />
    <property name="libs.eclipselink.maven-pom" value="" />
    <property name="test.binaryincludes" value="&lt;nothing&gt;" />
    <property name="libs.spring-framework300.maven-pom" value="" />
    <property name="run.test.classpath" value=":build/classes:/home/oboff/netbeans-8.1/platform/modules/ext/junit-4.12.jar:${libs.junit.classpath}:/home/oboff/netbeans-8.1/platform/modules/ext/hamcrest-core-1.3.jar:build/test/classes" />
    <property name="ant.project.invoked-targets" value="test" />
    <property name="test.binaryexcludes" value="" />
    <property name="libs.swing-layout.javadoc" value="/home/oboff/netbeans-8.1/platform/docs/swing-layout-1.0.4-doc.zip" />
    <property name="sun.java2d.dpiaware" value="true" />
    <property name="libs.hibernate4-persistence.maven-pom" value="" />
    <property name="https.nonProxyHosts" value="localhost|127.0.0.1|oboff-Panther" />
    <property name="libs.PostgreSQLDriver.maven-pom" value="" />
    <property name="java.class.version" value="52.0" />
    <property name="libs.hibernate4-persistencemodelgen.maven-pom" value="" />
    <property name="libs.eclipselink.javadoc" value="/home/oboff/netbeans-8.1/java/modules/ext/docs/javax.persistence-2.1.0-doc.zip" />
    <property name="user.properties.file" value="/home/oboff/.netbeans/8.1/build.properties" />
    <property name="runtime.encoding" value="UTF-8" />
    <property name="libs.javac-api.maven-pom" value="" />
    <property name="file.encoding.pkg" value="sun.io" />
    <property name="sun.cpu.endian" value="little" />
    <property name="libs.JAXB-ENDORSED.javadoc" value="" />
    <property name="libs.JWSAntTasks.classpath" value="/home/oboff/netbeans-8.1/java/ant/extra/org-netbeans-modules-javawebstart-anttasks.jar" />
    <property name="libs.spring-framework300.src" value="" />
    <property name="empty.dir" value="/home/oboff/NetBeansProjects/JUnitSampleSol/build/empty" />
    <property name="version-output" value="java version &quot;1.8" />
    <property name="test.binarytestincludes" value="" />
    <property name="libs.hibernate4-persistencemodelgen.src" value="" />
    <property name="javadoc.preview" value="true" />
    <property name="libs.jpa20-persistence.javadoc" value="/home/oboff/netbeans-8.1/java/modules/ext/docs/javax.persistence-2.1.0-doc.zip" />
    <property name="java.home" value="/usr/lib/jvm/java-8-oracle/jre" />
    <property name="debug.test.classpath" value=":build/classes:/home/oboff/netbeans-8.1/platform/modules/ext/junit-4.12.jar:${libs.junit.classpath}:/home/oboff/netbeans-8.1/platform/modules/ext/hamcrest-core-1.3.jar:build/test/classes" />
    <property name="netbeans.importclass" value="org.netbeans.upgrade.AutoUpgrade" />
    <property name="ant.project.default-target" value="default" />
    <property name="annotation.processing.run.all.processors" value="true" />
    <property name="libs.PostgreSQLDriver.javadoc" value="" />
    <property name="libs.MySQLDriver.maven-pom" value="" />
    <property name="libs.hibernate4-persistence.javadoc" value="/home/oboff/netbeans-8.1/java/modules/ext/docs/javax.persistence-2.1.0-doc.zip" />
    <property name="http.nonProxyHosts" value="localhost|127.0.0.1|oboff-Panther" />
    <property name="libs.junit_4.javadoc" value="/home/oboff/netbeans-8.1/platform/docs/junit-4.12-javadoc.jar" />
    <property name="run.classpath" value=":build/classes" />
    <property name="jna.boot.library.name" value="jnidispatch-410" />
    <property name="sun.awt.datatransfer.timeout" value="1000" />
    <property name="libs.jpa2-persistence.maven-pom" value="" />
    <property name="libs.hibernate4-support.classpath" value="/home/oboff/netbeans-8.1/java/modules/ext/hibernate4/antlr-2.7.7.jar:/home/oboff/netbeans-8.1/java/modules/ext/hibernate4/c3p0-0.9.2.1.jar:/home/oboff/netbeans-8.1/java/modules/ext/hibernate4/hibernate-c3p0-4.3.1.Final.jar:/home/oboff/netbeans-8.1/java/modules/ext/hibernate4/mchange-commons-java-0.2.3.4.jar:/home/oboff/netbeans-8.1/java/modules/ext/hibernate4/dom4j-1.6.1.jar:/home/oboff/netbeans-8.1/java/modules/ext/hibernate4/ehcache-core-2.4.3.jar:/home/oboff/netbeans-8.1/java/modules/ext/hibernate4/hibernate-ehcache-4.3.1.Final.jar:/home/oboff/netbeans-8.1/java/modules/ext/hibernate4/hibernate-core-4.3.1.Final.jar:/home/oboff/netbeans-8.1/java/modules/ext/hibernate4/jboss-logging-3.1.3.GA.jar:/home/oboff/netbeans-8.1/java/modules/ext/hibernate4/hibernate-commons-annotations-4.0.4.Final.jar:/home/oboff/netbeans-8.1/java/modules/ext/hibernate4/hibernate-entitymanager-4.3.1.Final.jar:/home/oboff/netbeans-8.1/java/modules/ext/hibernate4/javassist-3.18.1-GA.jar:/home/oboff/netbeans-8.1/java/modules/ext/hibernate4/jboss-transaction-api_1.2_spec-1.0.0.Final.jar:/home/oboff/netbeans-8.1/java/modules/ext/hibernate4/slf4j-api-1.6.1.jar:/home/oboff/netbeans-8.1/java/modules/ext/hibernate4/slf4j-simple-1.6.1.jar" />
    <property name="nb.native.filechooser" value="false" />
    <property name="sun.management.compiler" value="HotSpot 64-Bit Tiered Compilers" />
    <property name="javac.deprecation" value="false" />
    <property name="javadoc.use" value="true" />
    <property name="sun.java2d.noddraw" value="true" />
    <property name="javac.processorpath" value="" />
    <property name="libs.hamcrest.maven-pom" value="" />
    <property name="javac.compilerargs" value="" />
    <property name="svnkit.http.methods" value="Basic" />
    <property name="ant.file" value="/home/oboff/NetBeansProjects/JUnitSampleSol/build.xml" />
    <property name="libs.beans-binding.maven-pom" value="" />
    <property name="libs.hibernate4-support.javadoc" value="/home/oboff/netbeans-8.1/java/modules/ext/docs/javax.persistence-2.1.0-doc.zip" />
    <property name="libs.beans-binding.src" value="" />
    <property name="ant.file.type.JUnitSampleSol" value="file" />
    <property name="java.vm.specification.vendor" value="Oracle Corporation" />
    <property name="libs.swing-layout.src" value="/home/oboff/netbeans-8.1/platform/docs/swing-layout-1.0.4-src.zip" />
    <property name="org.openide.major.version" value="IDE/1" />
    <property name="java.vm.name" value="Java HotSpot(TM) 64-Bit Server VM" />
    <property name="netbeans.user" value="/home/oboff/.netbeans/8.1" />
    <property name="javadoc.additionalparam" value="" />
    <property name="java.io.tmpdir" value="/tmp" />
    <property name="java.vendor.url" value="http://java.oracle.com/" />
    <property name="endorsed.classpath.cmd.line.arg" value="" />
    <property name="junit.available" value="true" />
    <property name="org.openide.awt.ActionReference.completion" value="org.netbeans.modules.apisupport.project.layers.PathCompletions" />
    <property name="sun.boot.library.path" value="/usr/lib/jvm/java-8-oracle/jre/lib/amd64" />
    <property name="have.sources" value="true" />
    <property name="libs.hamcrest.javadoc" value="" />
    <property name="debug.classpath" value=":build/classes" />
    <property name="javadoc.private" value="false" />
    <property name="test.src.dir" value="test" />
    <property name="meta.inf.dir" value="src/META-INF" />
    <property name="javadoc.encoding.used" value="UTF-8" />
    <property name="dist.jar" value="dist/JUnitSampleSol.jar" />
    <property name="libs.spring-framework400.maven-pom" value="" />
    <property name="java.runtime.name" value="Java(TM) SE Runtime Environment" />
    <property name="ant.project.name" value="JUnitSampleSol" />
    <property name="netbeans.hash.code" value="unique=NB_EXTIDE_JAVA0449fb882-982c-439d-aeaf-ce3b286b018d_31caf02d-0032-4e2b-969c-7e96e9e8ca78" />
    <property name="netbeans.default_userdir_root" value="/home/oboff/.netbeans" />
    <property name="junit.selected.version" value="4" />
    <property name="sun.cpu.isalist" value="" />
    <property name="libs.spring-framework400.javadoc" value="" />
    <property name="libs.CopyLibs.javadoc" value="" />
    <property name="org.openide.specification.version" value="6.2" />
    <property name="user.home" value="/home/oboff" />
    <property name="annotation.processing.processors.list" value="" />
    <property name="debug-args-line" value="-Xdebug" />
    <property name="libs.JWSAntTasks.src" value="" />
    <property name="jar.index" value="false" />
    <property name="libs.CopyLibs.maven-pom" value="" />
    <property name="libs.spring-framework300.javadoc" value="" />
    <property name="libs.absolutelayout.javadoc" value="" />
    <property name="java.specification.name" value="Java Platform API Specification" />
    <property name="java.specification.vendor" value="Oracle Corporation" />
    <property name="libs.javac-api.classpath" value="/home/oboff/netbeans-8.1/java/modules/ext/nb-javac-api.jar" />
    <property name="ant.file.type.JUnitSampleSol-impl" value="file" />
    <property name="java.version" value="1.8.0_77" />
    <property name="run.jvmargs.ide" value="" />
    <property name="javadoc.version" value="false" />
    <property name="libs.MySQLDriver.javadoc" value="" />
    <property name="org.openide.version" value="deprecated" />
    <property name="platform.java" value="/usr/lib/jvm/java-8-oracle/jre/bin/java" />
    <property name="source.encoding" value="UTF-8" />
    <property name="ap.cmd.line.internal" value="" />
    <property name="libs.eclipselinkmodelgen.maven-pom" value="" />
    <property name="swing.aatext" value="true" />
    <property name="libs.eclipselinkmodelgen.javadoc" value="" />
    <property name="netbeans.home+have.tests" value="true" />
    <property name="annotation.processing.processor.options" value="" />
    <property name="libs.testng.maven-pom" value="" />
    <property name="libs.jaxb.src" value="" />
    <property name="work.dir" value="/home/oboff/NetBeansProjects/JUnitSampleSol" />
    <property name="libs.jaxb.classpath" value="/home/oboff/netbeans-8.1/ide/modules/ext/jaxb/jaxb-impl.jar:/home/oboff/netbeans-8.1/ide/modules/ext/jaxb/jaxb-xjc.jar:/home/oboff/netbeans-8.1/ide/modules/ext/jaxb/jaxb1-impl.jar:/home/oboff/netbeans-8.1/ide/modules/ext/jaxb/activation.jar:/home/oboff/netbeans-8.1/ide/modules/ext/jaxb/api/jaxb-api.jar:/home/oboff/netbeans-8.1/ide/modules/ext/jaxb/api/jsr173_1.0_api.jar" />
    <property name="do.depend" value="false" />
    <property name="scala.class.path" value="" />
    <property name="dist.javadoc.dir" value="dist/javadoc" />
    <property name="libs.swing-layout.classpath" value="/home/oboff/netbeans-8.1/platform/modules/ext/swing-layout-1.0.4.jar" />
    <property name="build.generated.dir" value="build/generated" />
    <property name="javac.source" value="1.5" />
    <property name="line.separator" value="&#xa;" />
    <property name="java.specification.version" value="1.8" />
    <property name="libs.jaxws21.maven-pom" value="" />
    <property name="java.vm.info" value="mixed mode" />
    <property name="nb.junit.batch" value="true" />
    <property name="junit.forkmode" value="perTest" />
    <property name="sun.boot.class.path" value="/usr/lib/jvm/java-8-oracle/jre/lib/resources.jar:/usr/lib/jvm/java-8-oracle/jre/lib/rt.jar:/usr/lib/jvm/java-8-oracle/jre/lib/sunrsasign.jar:/usr/lib/jvm/java-8-oracle/jre/lib/jsse.jar:/usr/lib/jvm/java-8-oracle/jre/lib/jce.jar:/usr/lib/jvm/java-8-oracle/jre/lib/charsets.jar:/usr/lib/jvm/java-8-oracle/jre/lib/jfr.jar:/usr/lib/jvm/java-8-oracle/jre/classes" />
    <property name="javac.target" value="1.5" />
    <property name="built-jar.properties" value="/home/oboff/NetBeansProjects/JUnitSampleSol/build/built-jar.properties" />
    <property name="build.test.classes.dir" value="build/test/classes" />
    <property name="src.dir" value="src" />
    <property name="annotation.processing.enabled" value="true" />
    <property name="libs.jpa2-persistence.src" value="" />
    <property name="libs.jpa20-persistence.src" value="" />
    <property name="ignore.failing.tests" value="true" />
    <property name="dist.dir" value="dist" />
    <property name="testng.debug.mode" value="" />
    <property name="javac.fork" value="false" />
    <property name="java.awt.printerjob" value="sun.print.PSPrinterJob" />
    <property name="default.javac.source" value="1.8" />
    <property name="debug-transport-by-os" value="dt_socket" />
    <property name="libs.MySQLDriver.src" value="" />
    <property name="sun.jnu.encoding" value="UTF-8" />
    <property name="java.runtime.version" value="1.8.0_77-b03" />
    <property name="build.test.results.dir" value="build/test/results" />
    <property name="jna.platform.library.path" value="/usr/lib/x86_64-linux-gnu:/lib/x86_64-linux-gnu:/lib64:/usr/lib:/lib" />
    <property name="default.javac.target" value="1.8" />
    <property name="libs.junit_4.classpath" value="/home/oboff/netbeans-8.1/platform/modules/ext/junit-4.12.jar" />
    <property name="user.timezone" value="" />
    <property name="nb.junit.single" value="false" />
    <property name="netbeans.dirs" value="/home/oboff/netbeans-8.1/nb:/home/oboff/netbeans-8.1/ergonomics:/home/oboff/netbeans-8.1/ide:/home/oboff/netbeans-8.1/extide:/home/oboff/netbeans-8.1/java:/home/oboff/netbeans-8.1/apisupport:/home/oboff/netbeans-8.1/webcommon:/home/oboff/netbeans-8.1/websvccommon:/home/oboff/netbeans-8.1/enterprise:/home/oboff/netbeans-8.1/mobility:/home/oboff/netbeans-8.1/profiler:/home/oboff/netbeans-8.1/python:/home/oboff/netbeans-8.1/php:/home/oboff/netbeans-8.1/identity:/home/oboff/netbeans-8.1/harness:/home/oboff/netbeans-8.1/cnd:/home/oboff/netbeans-8.1/cndext:/home/oboff/netbeans-8.1/dlight:/home/oboff/netbeans-8.1/groovy:/home/oboff/netbeans-8.1/extra:/home/oboff/netbeans-8.1/javacard:/home/oboff/netbeans-8.1/javafx:/home/oboff/netbeans-8.1/nbscala:" />
    <property name="java.ext.dirs" value="/usr/lib/jvm/java-8-oracle/jre/lib/ext:/usr/java/packages/lib/ext" />
    <property name="libs.absolutelayout.classpath" value="/home/oboff/netbeans-8.1/java/modules/ext/AbsoluteLayout.jar" />
    <property name="excludes" value="" />
    <property name="libs.jpa2-persistence.javadoc" value="/home/oboff/netbeans-8.1/java/modules/ext/docs/javax.persistence-2.1.0-doc.zip" />
    <property name="java.class.path" value="/home/oboff/NetBeansProjects/JUnitSampleSol/build/classes:/home/oboff/netbeans-8.1/platform/modules/ext/junit-4.12.jar:/home/oboff/netbeans-8.1/platform/modules/ext/hamcrest-core-1.3.jar:/home/oboff/NetBeansProjects/JUnitSampleSol/build/test/classes:/home/oboff/netbeans-8.1/extide/ant/lib/ant-launcher.jar:/home/oboff/netbeans-8.1/extide/ant/lib/ant.jar:/home/oboff/netbeans-8.1/extide/ant/lib/ant-junit.jar:/home/oboff/netbeans-8.1/extide/ant/lib/ant-junit4.jar" />
    <property name="apple.laf.useScreenMenuBar" value="true" />
    <property name="do.mkdist" value="true" />
    <property name="libs.absolutelayout.src" value="" />
    <property name="libs.jpa20-persistence.classpath" value="/home/oboff/netbeans-8.1/java/modules/ext/eclipselink/javax.persistence_2.1.0.v201304241213.jar" />
    <property name="os.version" value="4.1.14-galliumos" />
    <property name="application.args" value="" />
    <property name="sun.awt.enableExtraMouseButtons" value="true" />
    <property name="libs.hibernate4-persistence.src" value="" />
    <property name="libs.hibernate4-support.maven-pom" value="" />
    <property name="nb.internal.action.name" value="test" />
    <property name="libs.JAXB-ENDORSED.classpath" value="/home/oboff/netbeans-8.1/ide/modules/ext/jaxb/api/jaxb-api.jar" />
    <property name="libs.eclipselink.classpath" value="/home/oboff/netbeans-8.1/java/modules/ext/eclipselink/eclipselink.jar:/home/oboff/netbeans-8.1/java/modules/ext/eclipselink/javax.persistence_2.1.0.v201304241213.jar:/home/oboff/netbeans-8.1/java/modules/ext/eclipselink/org.eclipse.persistence.jpa.jpql_2.5.2.v20140319-9ad6abd.jar" />
    <property name="java.awt.graphicsenv" value="sun.awt.X11GraphicsEnvironment" />
    <property name="libs.beans-binding.javadoc" value="/home/oboff/netbeans-8.1/java/docs/beansbinding-1.2.1-doc.zip" />
    <property name="java.vm.vendor" value="Oracle Corporation" />
    <property name="libs.CopyLibs.classpath" value="/home/oboff/netbeans-8.1/java/ant/extra/org-netbeans-modules-java-j2seproject-copylibstask.jar" />
    <property name="libs.spring-framework300.classpath" value="/home/oboff/netbeans-8.1/ide/modules/org-apache-commons-logging.jar:/home/oboff/netbeans-8.1/java/modules/ext/cglib-2.2.jar:/home/oboff/netbeans-8.1/java/modules/ext/spring-3.0/spring-aop-3.2.7.RELEASE.jar:/home/oboff/netbeans-8.1/java/modules/ext/spring-3.0/spring-aspects-3.2.7.RELEASE.jar:/home/oboff/netbeans-8.1/java/modules/ext/spring-3.0/spring-beans-3.2.7.RELEASE.jar:/home/oboff/netbeans-8.1/java/modules/ext/spring-3.0/spring-build-src-3.2.7.RELEASE.jar:/home/oboff/netbeans-8.1/java/modules/ext/spring-3.0/spring-context-3.2.7.RELEASE.jar:/home/oboff/netbeans-8.1/java/modules/ext/spring-3.0/spring-context-support-3.2.7.RELEASE.jar:/home/oboff/netbeans-8.1/java/modules/ext/spring-3.0/spring-core-3.2.7.RELEASE.jar:/home/oboff/netbeans-8.1/java/modules/ext/spring-3.0/spring-expression-3.2.7.RELEASE.jar:/home/oboff/netbeans-8.1/java/modules/ext/spring-3.0/spring-framework-bom-3.2.7.RELEASE.jar:/home/oboff/netbeans-8.1/java/modules/ext/spring-3.0/spring-instrument-3.2.7.RELEASE.jar:/home/oboff/netbeans-8.1/java/modules/ext/spring-3.0/spring-instrument-tomcat-3.2.7.RELEASE.jar:/home/oboff/netbeans-8.1/java/modules/ext/spring-3.0/spring-jdbc-3.2.7.RELEASE.jar:/home/oboff/netbeans-8.1/java/modules/ext/spring-3.0/spring-jms-3.2.7.RELEASE.jar:/home/oboff/netbeans-8.1/java/modules/ext/spring-3.0/spring-orm-3.2.7.RELEASE.jar:/home/oboff/netbeans-8.1/java/modules/ext/spring-3.0/spring-oxm-3.2.7.RELEASE.jar:/home/oboff/netbeans-8.1/java/modules/ext/spring-3.0/spring-struts-3.2.7.RELEASE.jar:/home/oboff/netbeans-8.1/java/modules/ext/spring-3.0/spring-test-3.2.7.RELEASE.jar:/home/oboff/netbeans-8.1/java/modules/ext/spring-3.0/spring-tx-3.2.7.RELEASE.jar:/home/oboff/netbeans-8.1/java/modules/ext/spring-3.0/spring-web-3.2.7.RELEASE.jar:/home/oboff/netbeans-8.1/java/modules/ext/spring-3.0/spring-webmvc-3.2.7.RELEASE.jar:/home/oboff/netbeans-8.1/java/modules/ext/spring-3.0/spring-webmvc-portlet-3.2.7.RELEASE.jar" />
    <property name="libs.hamcrest.src" value="" />
    <property name="run.jvmargs" value="" />
    <property name="libs.hibernate4-persistence.classpath" value="/home/oboff/netbeans-8.1/java/modules/ext/hibernate4/antlr-2.7.7.jar:/home/oboff/netbeans-8.1/java/modules/ext/hibernate4/c3p0-0.9.2.1.jar:/home/oboff/netbeans-8.1/java/modules/ext/hibernate4/hibernate-c3p0-4.3.1.Final.jar:/home/oboff/netbeans-8.1/java/modules/ext/hibernate4/mchange-commons-java-0.2.3.4.jar:/home/oboff/netbeans-8.1/java/modules/ext/hibernate4/dom4j-1.6.1.jar:/home/oboff/netbeans-8.1/java/modules/ext/hibernate4/ehcache-core-2.4.3.jar:/home/oboff/netbeans-8.1/java/modules/ext/hibernate4/hibernate-ehcache-4.3.1.Final.jar:/home/oboff/netbeans-8.1/java/modules/ext/hibernate4/hibernate-core-4.3.1.Final.jar:/home/oboff/netbeans-8.1/java/modules/ext/hibernate4/jboss-logging-3.1.3.GA.jar:/home/oboff/netbeans-8.1/java/modules/ext/hibernate4/hibernate-commons-annotations-4.0.4.Final.jar:/home/oboff/netbeans-8.1/java/modules/ext/hibernate4/hibernate-entitymanager-4.3.1.Final.jar:/home/oboff/netbeans-8.1/java/modules/ext/hibernate4/javassist-3.18.1-GA.jar:/home/oboff/netbeans-8.1/java/modules/ext/hibernate4/jboss-transaction-api_1.2_spec-1.0.0.Final.jar:/home/oboff/netbeans-8.1/java/modules/ext/hibernate4/slf4j-api-1.6.1.jar:/home/oboff/netbeans-8.1/java/modules/ext/hibernate4/slf4j-simple-1.6.1.jar:/home/oboff/netbeans-8.1/java/modules/ext/hibernate4/hibernate-jpa-2.1-api-1.0.0.Final.jar" />
    <property name="libs.JAXB-ENDORSED.src" value="" />
    <property name="libs.testng.javadoc" value="/home/oboff/netbeans-8.1/platform/docs/testng-6.8.1-javadoc.zip" />
    <property name="libs.PostgreSQLDriver.classpath" value="/home/oboff/netbeans-8.1/ide/modules/ext/postgresql-9.2-1002.jdbc4.jar" />
    <property name="libs.hibernate4-persistencemodelgen.classpath" value="/home/oboff/netbeans-8.1/java/modules/ext/hibernate4/hibernate-jpamodelgen-4.3.1.Final.jar" />
    <property name="build.dir" value="build" />
    <property name="libs.CopyLibs.src" value="" />
    <property name="ant.version" value="Apache Ant(TM) version 1.9.4 compiled on April 29 2014" />
    <property name="build.classes.excludes" value="**/*.java,**/*.form" />
    <property name="file.encoding" value="UTF-8" />
    <property name="javadoc.nonavbar" value="false" />
    <property name="jdkBug6558476" value="false" />
    <property name="platform.active" value="default_platform" />
    <property name="awt.toolkit" value="sun.awt.X11.XToolkit" />
  </properties>
  <testcase classname="sample.UtilsJUnit4Test" name="helloWorldCheck" time="0.003" />
  <testcase classname="sample.UtilsJUnit4Test" name="testWithTimeout" time="0.223" />
  <testcase classname="sample.UtilsJUnit4Test" name="temporarilyDisabledTest" time="0.022" />
  <testcase classname="sample.UtilsJUnit4Test" name="checkExpectedException" time="0.001" />
  <system-out><![CDATA[* UtilsJUnit4Test: @BeforeClass method
* UtilsJUnit4Test: @Before method
* UtilsJUnit4Test: test method 1 - helloWorldCheck()
* UtilsJUnit4Test: @After method
* UtilsJUnit4Test: @Before method
* UtilsJUnit4Test: test method 2 - testWithTimeout()
computing 8026!
8026! = 163701812725203229160769973566190498334512153584971078815121444666868326396427392703695737850063831434984511674758396309081797684247841725150046068413639886616993985190950086758525779697864497819050854685582363846036109825848149470126132647629950068312712281508798407741723607607926256061888820082225932162836983484439381812166444070985334423485053082129421552951185913444403136451776746510156917486837327764180990378355076438286387960400334524226348913895525178030376203143722050455937665514662689686077363506418178807104794739171243944307642157627018559356159381157068761020539353389243132002178100945189850075522486345369666978926673982979615924249855409185698001745389038462762426288619381385058681799637121554152793764971495789600253260729983253224593491831987378610516992316994075622821114117726176670770948904192935957630703950380941650351924517916525488459043275487068629770174726408375675700345732492967390042117115077017416483277642246504965194345733704804395453891074251894989012755209875718998623783223910165506138139182445975184770218546488644382261469745877517553886457964201415544052008204450851250662916728294116902293703167094984970116018505768556322248780490756672320911260400266620809474718848149516909202461484344573239687576281290669214927102162953554354804408682618923563687030124647196304443820903352885154231043262509077569099588969933339991541705417999453223730128329640455540856528774688759639434308560808656560885490313539113176549828430745944862703344851209335894261811394241424817651043150010510117819461847797240825331020327326296498264361435096231235154034492394513529637309843724980643715039765567258358145622862525979791776431129546109102756160901784789550025293099066623271470739775604540816503163952513785432087998798152741499445976054104581954907769881382159117421612236174017274753158525307284265142197335537028832337635147957137275651119558056511749045488971769631460443923627554229443492777755890992361268949567374744317315805517724703264801855862703086874843724981276098606288177895812688272778543630596238652019863670953492422245676138397573591197498429485475748256307508223355652016009019756525234132290210193532581169069277549912516054516625748870843520001883053225831571174887505453775170604200962315627985684461867903454552697527511401990683200009101926445461921838851987944375657843152541417132096112066968560411883725279785526713070210608974443995623282776177688630775783659110865214593750728566008401190244898458476171160291794489636063074678258105303364424333351366743555183710953688176346765924462044729179000373686008507987600312972471786007594453974535814191260968645604632404640217339950375602735216186899736512390592039909614322897223649394782264668650379557999460016252666132564222995434597012589972663670978185308841924390853518602490679285289334363632196034282501324561880725932715021980686156232178905885287883329742098458035579982501736188307330240441748554832549382413866206256076463787220133988339413674300318731745801313541751768326346253093174839619395860126707909888060373901198400588035253420263451914437072710321880630731217653980971153762189552967407977314862276391140194935398949011523178322609588316669597689318811172638182032376938169572761801135804835799490581465361066246482771382573861552350229733070533060720391151291644983472661426248884182795952551422277188753506725442610718433405045176872762978699013123560887593800940050124460804079972300425746632724804781910705075569982564355762779262856042223043670888812849858868218140035215259299511127461927304358486691809505699744018355840535016813236508483344602330003437673725965546869851668960529986618349872500188838171835009593543485332586156361625808642968593955792078830921882099163627894279254140525645865809001089768500736902449006726820128426956813685266760504196501217617640821558118604081795799495401899864533480901532817294606539282138742869801117096796016188100423927393706683888246558429086463579361772043322046044635292758879543586791699234976524601858025765918652020453476579020748633275191343648480573491633767666617648616480707752701786437068605818475832153206816622990745973188266319942013292497626868140719022562031596807952280841098863073816992396940216875880616029355029500449195556082987823913818041137109620016686471659759883935002175628392293794724685116788868811002194660937035201356713923946423988015341034307616492806383875827969575876191348220593196310215836357127464217081393824196041031515374218745484458542510091082176427248803106033547559522952606181527615760932778530906837541951701310064618700656525380356082162730512717347075969706584660909431809162722766002341179328259940304290969546277401256930416593687785139332021365893202804593164342376454753479526787931606354764237233833398466790196388295074239983080925355824567990672331218332095690729079760082227412996184652350045744798802471685079200375578922196408532573790161035391257229962565528407932210293951353472524122298752646665880049106605231859245915988341182510042028330849435641731790706179092459925071319926311637317457948913322709279637420107724785287158464789836471159561770499579145792090243842929931741760304560665192119994114775316414720166902527815433779471599440073496435809172360357845467848097903450891235312788762723622269563108576487334402351408816216607258504993304495602687583888929258511026258971157251817895737962843314080283377334997514047551162802682696609496289298722752904435678492779265193905367082311599934228662199066296226115562572285032492225260473619908105530035953951902392458056221613566153928870563047245551471193831390832214295549794893558842197339419819813195872876935677467673904716654448562430921742525220669610018859513438667374079036150705657939716428787394750232844265519723179567711802077494524415928305947658704407718643496386954583623246268994828391674849711788409512674749444525503012540054659562431637992134812292494096472449735209628576255347037131467949122828903147908046622036700453211318739661197486159488220287258845956926455134695409984863270044234315239383927660688144303483914358636716948713145620100982106780749883000413427758214711698442037019249005044217486978255004739772211670536583083994614962124915938676361480146148456637997098634923521199813473680214941837726569942648893994095371765151746225793013066470288941852520721239394379165863137430835336119788975959042863199767560993816777687684541558370735700363753139782621138759217063870059287592688149598065847715709215418318969950986909925583035696925278931593638205482351862758129075725905807326665167191873424410771685059915848236008546220384297219568526833817924097137425632661147502040032725960507477531591279835724552983097140489015527531766292255497740807295257148553200057857364070381432528472693387841580114147758716079466088250962065526235573642275187331494603347620585607211187243177941541023873615142672796838569776647921106781543941608654654504903243351808336948782945328828257410141338809577010019336392280993620635282872067418850601922179219740110597511768591923820994626958170579735029157249682042567022386418578565426737275834177567483816787569145595989057186836469922523207792692974895424937287293140071140920628487578189389143622744964857725287795241256783487233911498511074110727514799407619043922433803517646140181140710464276069268791946564613624753947082689716495901015756325455367974417228876689545960243593731437106812699458845760138862215465885460795892931254105853548381840692278008503899440520127857714199881614851834987792112132989803603059772241485944246041121739950355195293339459615057891148367098935720805410708405210047551973625494682502734809666179029841178667359935708728057707823341176793149123279375481940307591976166764055559861290837015414022312099163004867726684706718590779973865050468985458167261606175712585681479132691762768913709996983006386444733820861845817596492996371489698158996381297743063122354316744923813243491652032583935801214183853440176216749900500966488632254346947141689383506549619990310275264916497770600396485978494819431501505511423845037492748325168547147184283420455683128793827176907136003038669009531283664795364693676367535747668986254026199941470313733435581819834284051260260094418614082908490907708514268347599914160838612069661501062847585036232129434960738002736220694261156585502458078751117017664132313211670691472268790462085243200342474297190448827918207154326792961207159091801068063894420262384821333566110399794993444817177904077619127594960682786896684314080933505212236185221629837115531475301319305735717542350134497851705269134712924454624988788685161757250623861924699689931046388446090184806940598393163540170910808892024176532050340677890856033110020843076528831518649411290597717843041177529460501949242638064113619509398742072033284381337925585829586105071196441937919470995979838210505573928627179243383622004433773712871003944717999039439682615625040885176752938345036848474184074419805528535906531160166175479093222742714775210650993676028864018600975868831977121515502070956204026344462352517415685582372170180462112877410216931328283630080194880756546235295984484063854214143492628072139913425517201325273348226344012627151233025139626724489019643180000407409206934940508796504783573941186643020267590229263501138612211507291958075453648902823031163324574172737426597348722769786800128132610897861232740949678298397531015351941092994590603691079457618844959213010230056906529871130591663281263210598712830518844800589992745302704590020103874311815244933007108280234723202075211208470201976060015345307186668797584487846523115955537992160599473638568039156044771120207004752448200241797099993669071861147385911207731928715600396494655352371323873499381440326263686299865157133314529974713386372667965125720224282896653570344357913328158197386223456068813026124699245751645654344560545875139988430334344040586261981298106065542160450053460549811656377786129570897335739744995630691380117684655898567089314303389498070192450379903070603231103171454960138501389153788329274240729123037125044989107393628777561172142557723957829863640300043063694550818647222528963899197224709158671559583379583286455500591929481476540006481900623818259312985521007795466224154738738090121585504767552479640037276328985061211147176099250744255915567399432950270101616793564935208227493209541987291116206255387862604176592156668040858569467501469264648048038432900052991022966300269968608539828042206640464138018542246670633058939006096475145588908818928417686416933826899679440054588464131619541532949026179137619306620020724121606719809103216516714359403998334771825802837459319464987671797236196568688243689316375393697098736180505279797230345495759226576561389768647721035545371976251771935286487303840074485658991378384382727160095079403709996430383903334950942278748437707991582235867992195234310603579815210943279527212711292167807662126547718045531114135557914240876541695718798518100112806394672806172956995299231530917063789784987975223930716232989745580407824875231431974511303968308117376257502040297069319614717135197756025703328679628137050130793642178902562508430852940606907678098765027907833145285162021501388393257636661892570649941116978715119339141807901008690387215658703573554478300243884259605199089835655907934890197475748510795118026688305473673335395115831793336956582493361915733427065890909321963364786229325632468910286486962930187187221123797050735336423212330591849482505064561891670081318743306843302120874371144578210852913093251803119488034499085401850559399360547082652305470387817470844640945075864379467307376062460032641271988217731116664397627185514971466637297343229541219342077391082362443497831617801346621488459710588651208200987316276966714360978584316503329905844389312680676661470296253072872529515494104928034749167494620573445371475370664895582813014306640530959311982723619383324606075694690718515227765340590407120474239170178547617388089429882834293179774607472537758370968220895025803087999653268616461283593772755710411762272952919728876424777670116371120651480948646148407172263101047079343794354561930910945393576802163266601715112077373088654114283614796460218548287338148544529604630388654265772447381922991715768615716355649072331646233143420274862365556832532436469608543418909432077883657883430834697506623803759726528461206903868328047253351336750534806792872275461962556314004324963382390902596338894165165265130709390122497994721445493372605173339494502911666171899698173934249706138718502919894521227394425184074286827861154546607232102526797973386580665107419224999469467489939697886524247215294194812561796372807234432973284884299077674834997206743307251517846602649561200684388152090961060708721834887389752348631277308306822303150273217479587389789024832100454694603157499734855471781215430606570840059388069956470123917728769083406833789370178991670945981737097269892782448802173340447064545312194686032000837122649098391372118574719728566987900184200488472517578060919718041797664872994933982215648072767914340119025775039519274626566133972839653089664296527319243297811980109849220619518592193751853022521236406432804605706360983780842353110640105319081284686038874110972529911584611708037715162494726877679460841126786940382278888787566073792133863187112931586491712679195489018574675851608498837619051919117264812819778284285947136031817197116898137579868537137209316378312073077181577179613566218477193343105942578935126743798633789562797910944958023831780353309277380978975390863445315688320135170866499596935466743453653359948444911873911451499802986327067027165646460677578330578791763216056406297495199960708082387145900802371410876293584517682924703982063960876284523046613702012624730364474332694869742093418161804212359312172134508228198157967950786195039117766918466276728978731470743934569681902732858552340993548224763198338151635480060806983333937034254355923249657457598597040735164982855248153960838795129512261254300374695007136655081306386873659373963047675013278067184508104579719047583546959526256443791964427837385192610042320053222954758404607579526397517192599098152197835845360593687090247104037398474649015660150828897794594642850220424321259353114246361226690675824792086291019501553544585836061897794292434577788449775112255543357800360634188198245506053830129082098146574423719689220238463177860166963335387757484334783562159860572652104452910103213170160938899036647725905302406194203315666910860967422716024852497431484407667854104286720090215445364968503465838824965754088689539869735609401908777315266309909669662511326060388812856254524978985097459586043811948745919134148701946524518430404589350434433283030826176203786520121592457525905246693538307369064887432452659755962480790031714601722489071292336203798975042921655037265173692600181971881495521406493054608766307987064357435592189289439978809022671171284049984435269124501142912166954413815510896935323875841035317253383575587871505128383258603640705082183841154609589071249565828337313704433326782133557462669138252721186112837399857313146280196682538903510066181035729865180973624177903223039518509753736262273589805052592006042534546029834586494000331499302744571142375081990851841186132044416001804657103341076149586792752220153204081914497407296381360714758149732053765439488601623682847353571986471659165590504749214610549811770647764514602736910065282062677284595715748180493146230236430191947321720864777626741805735047972310312576136513144147466118386107930966416734446425108895192955669835285726878210825985755286853893952345807032466936528675416607419752216018295665751068342681079959299216528267543273255303688444738997840521263163851991856096773288648903022565266968319641074436488593342188455473834208407011176481215679127366382911184774674732749329453731651378590700882455734501688883512212324663806177026631340176880419769055814370508928517713600324250944653296262188175477426197546058849067383352342100942946392824801603598538359558338888934304545335757791396845381259888642030408370636135448559714546252144346340507303225841862117871837601200794960155598629020584806435236777381978003416909369369524221480255732679707398438989721977961686049400933302070026953600564347216553339449039343008822052160744450132350311738028353945321684123416258175292018129611377621020359748827793539551159200584724919054356672202770374958312515308300504936098699971648257606514285735257533752166829722594299109419127754957743319181909028496010995395379138505718834524420026127801848991311483745313052310873864425221051523064839632399901951296882118832784627918942565942306268747569333275025998128427825602000804515120282128453103467924519592682796442725637072580732593971847519929597454400610428576335018880923544030324311976088095783322851729005869591818486764309394444953753730265078163769243278194460516779888917105040072885595576252954765858171489905366846115260796128460755585892964458743911614082250782990287431657974979316264112244168766843931816176976523412401706739087973340238852202385658249945844411653518435944688468034444870683573645423197775455402035116624459164302984616925853008011901149808933430010447893300441349215161975304658839316180656378064014762772656476267489111830482796372803711236123061993956707375050368869335558990220244209344089182868302559570859396490147903265569179997257247971267258283577167944560960299241297321496715024548500255731916586355405359312733584721285829891933880007119188501153191335076392976498670562389572146931870842327507871889575197613090386048668387453616578409082919944052797654729596653390650624264190885399351915479416167364414997985434706601091127187721754963677019461321812456786467274361178294376461817277988023129270490734120562735635185787016977778910934418635880680879185695282020717565786779157591420378268802916949258481971319616278039063046825786821764923448433676697624717181220978933273919092684454658144722418243717235310770140594408229219247398816181468642516309625731831924867136934845130679488327779783962302370437402818354377758331880460334618369285494717832031701116146631992309432756907850196999552557634717893145451313166480224284144911242145982212437878143323785143394922420848583601421450366361056466811113602813558722669488059596708446633472799864985372621208894334002581046965707631779650772787228788009967815915320706577413465920638362710112072279836151809209936177280291317653697108254137609457312698418198765220545577261511012519928756082485273382799489175921465069015166260922099972695442311733879088714282058867560034404525908653244116572987169043846828800698840333229930533613820994160759088788457521806451245933515688134404314804159705539318900850557675701637098807777848957273007020427237431920634132988124972607397102440326927368218180705094747028838537531332285430208127522380650513362730905998778151869468179604107762258628729469581176726499677967906741799407848452652063511142715054201253441653514755505354697769761444135978107597107017012101065538795051446673231286445922551479911635843796843513210300425294196136670122049447998154667357699955976972521491834543537414225354720894056120340836196582931594519243610219449555070520289992941214613632550991205752439691893252452285330361742944472726995751976919345462323558810698506921393334240561746653093937019355960771261078360611608857498358667967591675370360072744763025759987178612095284791024341710810589557028012807011990688965866212853731229855434538794065376330282530154262620686645369337816248736576627241166182724134084270120858637277810073536427089452571156014367822688739154590276984917711102612087799197141183767502616716616102376525363904227595294977507103358582368823622234988992354335649625174444149397429853530512169795908857985308256548495591738877609767170149838955034400406015168497979240401974811864547551849138038659426808888386624400039727669098619076355377665522672364078307700762311336368801422214781413071132953909963655718595609518860870368600869140616092023403708154473996279248132674992924494115279818847249519876782894334201622465247601327063570765130837239791318500403429489268447467493692511100071630781894275446765459843093472721654359235768715893253189403534440683097454577944943385469369226602711559879679573082902261296939344387851417613688771794429079444158370347415092339423475160477381169932966483036579598606885083725254764953789333109392876012719623036135372890313020020435492245528562271186524577173733290383777435407383739032371642052977905854665748949049172897618159162417630890402391196046506965142985473478408579424460567424644698903428828725906359980795840098784416956792249589172044000478107902961949887841414368736451652968055820847036289079028657537930505994067576366155391691783771354554643738509521748808477639359145043059758390415587850224273036538225397245814411633369324730185949779343801163182573708174682372554239479072457603101808069903370299018648912234720859645753827539738111537034098525156985226621816117269186655557164876820031477832163302933029647916552757143689591304039625693945114737402430606062880447589468749062847411281438693384870374084417693088651243261211301265982143110925608167547877075054746163775108399858168151601295998612433604420261404517370502899783785875918112839433139492413250167588202132895657496071750842075156053270430058694229782730005662134560439500929983371773346988639672781551775765103645977677578587589454655371319958003727171576297943088234721559460600032223219802145911235604736009927579553283363457274886045404154258340995016133597943035066106656823922222671885313242505262206542779682196435861073066791756835633817503082242727730188689507175053129435490519665783899695750412783978964647664774692759666788003184668240718811856883492877575962868561301064853840502073629369439108759783299805035512303885849239625538054544852304243610110755409076277724460411781841103245046863421081626159929165169487987684752501307224561398963558736496163107989873244600164468917605534750464379793416465923447517474965778176974354474223245049140511885911149793166077154562993736394618241387463824347445949865775347713021889332430342181338728447557605106171382606139375165896004982980462383134646826289327049887156708411165343885625548295248184739851137317234161748815962346395412449629830239152393969800482565222019689050412090695846306259286150338629502280791850892296818689653219109643027000175922866398456386813867619666182936589327578818550730531441997865101638369283922321446605385139822497875560157681867610343468581289745145019209380926790418616307225021895904112878189178301271270741528096322827307996349779803876711987124354812568637952405723302334580992962805887244535733925252198511261762406256993917535050489423538817678931975928506432958082620176962465326706162533713121617609802422397743654623898151911770858464276601545265012712118106386391670711148917008890123038674773587552907006875113935125124416101892270755379615253317632008276616017445165411845673154699916333997141067319321104138491899770071565481464385396792850179599534976505736528336428909752448810191518099364794678610085893220523332186538028124921208148480520811125204403376792267751697393960872082301866772984635439057014143745480187054626674576140164255995684307099070715295598337410779497382043635185006221085364547451695426317462352339391205615534064036343464941581143060585484336155405786937390666009637924282682344340050894496676151551365093972643237876536630032835094317038526571444252237058795246337914562238961398440785622512783844511991607355697559639423160296927749057878354103179379243641692864441428501315721257846069402741169125683580980535514522640597482636295604691967837149685655926700645898275178065685385024486493625233127296736107131852616001607505438451920388034190809274981336657789049132971123142365388876791053791928795219659558425755362785549732918652611187957552099975646541775295676404747275725720872827666982286047682462680780765146967435627929425430708724263837581838351187490167125676670370414048378395873347923591601326562691904043838205468611262686052881804735458739947443301861329558518364888593077622382398476994506430391887345003945772265216874025705457292889483277358668375087910876375029943383837190515876090015036598333259953117780394031398781235939339620090893631478080533428308886521367247237948202331511864883113434349916578345243001478173071773667623391329056397148183247165945548608845755762591008641877366275547662644770940288040755103891166304930664601341968631275728137027367660687163617019158329355108440333904096179844710626567000004917664815735053519741179323288751269292515633113706269429247710150929312741224733719013928737101843692674716632635981538766209874037893150064102524269905261938301569305052743704366986539842932945662726652222439416632034318286998076066234458292211207968489089646498584392609594949000231942030269787476300946740942070244841839419086353505963813831755063569530617398694940123360590144270719780483966549437913626849084337932817286357668224524609918630505188632588328576947103864678633409182375532849232294520008230134250106767194110868923990653011807313343688858383731445340461247175019540777472219055708441052480450343851710928375032960534784834974144598488878226633615162386778615988327342285948895023854979841603426101966022179009040998944292652652871995658319936618013431500352243755428398093403241090793264040554691998652870551849503865451484343245659099479629159370923307357460216571729733427407140756924362736774697841759392375153710228762098862790045857004532101436216338779751881464591447500908982323939373777608143813523115549657981260464170322988445133683564583486611596187814852779352840236617552343491042547798080879023572221292956006547668598906810749793463977795154110897833950976030731261570968593320226361614513227418942296654081768890204146436352098791706463767350753193723715475875525979804498120031763718637592945675927759754167794964782781071206891210503337834581432146353290342317008491555062461968381116416000000000000000000000000000000000000000000000000000000000000000000000000000000000000000000000000000000000000000000000000000000000000000000000000000000000000000000000000000000000000000000000000000000000000000000000000000000000000000000000000000000000000000000000000000000000000000000000000000000000000000000000000000000000000000000000000000000000000000000000000000000000000000000000000000000000000000000000000000000000000000000000000000000000000000000000000000000000000000000000000000000000000000000000000000000000000000000000000000000000000000000000000000000000000000000000000000000000000000000000000000000000000000000000000000000000000000000000000000000000000000000000000000000000000000000000000000000000000000000000000000000000000000000000000000000000000000000000000000000000000000000000000000000000000000000000000000000000000000000000000000000000000000000000000000000000000000000000000000000000000000000000000000000000000000000000000000000000000000000000000000000000000000000000000000000000000000000000000000000000000000000000000000000000000000000000000000000000000000000000000000000000000000000000000000000000000000000000000000000000000000000000000000000000000000000000000000000000000000000000000000000000000000000000000000000000000000000000000000000000000000000000000000000000000000000000000000000000000000000000000000000000000000000000000000000000000000000000000000000000000000000000000000000000000000000000000000000000000000000000000000000000000000000000000000000000000000000000000000000000000000000000000000000000000000000000000000000000000000000000000000000000000000000000000000000000000000000000000000000000000000000000000000000000000000000000000000000000000000000000000000000000000000000000000000000000000000000000000000000000000000000000000000000000000000000000000000000000000000000000000000000000000000000000000000000000000000000000000000000000000000000000000000000000000000000000000000000000000000000000000000000000000000000000000000000000000000000000000000000000000000000000000000000000000
* UtilsJUnit4Test: @After method
* UtilsJUnit4Test: @Before method
* UtilsJUnit4Test: test method 4 - checkExpectedException()
* UtilsJUnit4Test: @After method
* UtilsJUnit4Test: @Before method
* UtilsJUnit4Test: test method 3 - checkExpectedException()
* UtilsJUnit4Test: @After method
* UtilsJUnit4Test: @AfterClass method
]]></system-out>
  <system-err><![CDATA[]]></system-err>
</testsuite>
